<?xml version="1.0" encoding="UTF-8"?>
<testsuites>
  <testsuite name="" tests="101" assertions="167" errors="0" warnings="0" failures="0" skipped="0" time="4.055141">
    <testsuite name="Project Test Suite" tests="101" assertions="167" errors="0" warnings="0" failures="0" skipped="0" time="4.055141">
      <testsuite name="App\Test\Card\BankCardHandTest" file="/home/rebeckacorell/dbwebb-kurser/mvc/me/report/tests/Card/BankCardHandTest.php" tests="4" assertions="7" errors="0" warnings="0" failures="0" skipped="0" time="0.028417">
        <testcase name="testCreateBankCardHand" class="App\Test\Card\BankCardHandTest" classname="App.Test.Card.BankCardHandTest" file="/home/rebeckacorell/dbwebb-kurser/mvc/me/report/tests/Card/BankCardHandTest.php" line="18" assertions="1" time="0.020707"/>
        <testcase name="testPlayGame" class="App\Test\Card\BankCardHandTest" classname="App.Test.Card.BankCardHandTest" file="/home/rebeckacorell/dbwebb-kurser/mvc/me/report/tests/Card/BankCardHandTest.php" line="29" assertions="2" time="0.006182"/>
        <testcase name="testTotalPoints" class="App\Test\Card\BankCardHandTest" classname="App.Test.Card.BankCardHandTest" file="/home/rebeckacorell/dbwebb-kurser/mvc/me/report/tests/Card/BankCardHandTest.php" line="46" assertions="2" time="0.001098"/>
        <testcase name="testaddPoints" class="App\Test\Card\BankCardHandTest" classname="App.Test.Card.BankCardHandTest" file="/home/rebeckacorell/dbwebb-kurser/mvc/me/report/tests/Card/BankCardHandTest.php" line="64" assertions="2" time="0.000430"/>
      </testsuite>
      <testsuite name="App\Test\Card\CardGraphicTest" file="/home/rebeckacorell/dbwebb-kurser/mvc/me/report/tests/Card/CardGraphicTest.php" tests="5" assertions="11" errors="0" warnings="0" failures="0" skipped="0" time="0.004650">
        <testcase name="testCreateCardGraphic" class="App\Test\Card\CardGraphicTest" classname="App.Test.Card.CardGraphicTest" file="/home/rebeckacorell/dbwebb-kurser/mvc/me/report/tests/Card/CardGraphicTest.php" line="17" assertions="3" time="0.002771"/>
        <testcase name="testGetCardHeart" class="App\Test\Card\CardGraphicTest" classname="App.Test.Card.CardGraphicTest" file="/home/rebeckacorell/dbwebb-kurser/mvc/me/report/tests/Card/CardGraphicTest.php" line="32" assertions="2" time="0.000357"/>
        <testcase name="testGetCardClub" class="App\Test\Card\CardGraphicTest" classname="App.Test.Card.CardGraphicTest" file="/home/rebeckacorell/dbwebb-kurser/mvc/me/report/tests/Card/CardGraphicTest.php" line="45" assertions="2" time="0.000322"/>
        <testcase name="testGetCardDiamond" class="App\Test\Card\CardGraphicTest" classname="App.Test.Card.CardGraphicTest" file="/home/rebeckacorell/dbwebb-kurser/mvc/me/report/tests/Card/CardGraphicTest.php" line="58" assertions="2" time="0.000667"/>
        <testcase name="testGetCardSpade" class="App\Test\Card\CardGraphicTest" classname="App.Test.Card.CardGraphicTest" file="/home/rebeckacorell/dbwebb-kurser/mvc/me/report/tests/Card/CardGraphicTest.php" line="71" assertions="2" time="0.000533"/>
      </testsuite>
      <testsuite name="App\Test\Card\CardHandTest" file="/home/rebeckacorell/dbwebb-kurser/mvc/me/report/tests/Card/CardHandTest.php" tests="4" assertions="14" errors="0" warnings="0" failures="0" skipped="0" time="0.002950">
        <testcase name="testCreateCardHand" class="App\Test\Card\CardHandTest" classname="App.Test.Card.CardHandTest" file="/home/rebeckacorell/dbwebb-kurser/mvc/me/report/tests/Card/CardHandTest.php" line="18" assertions="1" time="0.000381"/>
        <testcase name="testDrawCard" class="App\Test\Card\CardHandTest" classname="App.Test.Card.CardHandTest" file="/home/rebeckacorell/dbwebb-kurser/mvc/me/report/tests/Card/CardHandTest.php" line="29" assertions="4" time="0.000647"/>
        <testcase name="testDrawCardMore" class="App\Test\Card\CardHandTest" classname="App.Test.Card.CardHandTest" file="/home/rebeckacorell/dbwebb-kurser/mvc/me/report/tests/Card/CardHandTest.php" line="47" assertions="4" time="0.000722"/>
        <testcase name="testDrawCardToMany" class="App\Test\Card\CardHandTest" classname="App.Test.Card.CardHandTest" file="/home/rebeckacorell/dbwebb-kurser/mvc/me/report/tests/Card/CardHandTest.php" line="65" assertions="5" time="0.001199"/>
      </testsuite>
      <testsuite name="App\Test\Card\CardTest" file="/home/rebeckacorell/dbwebb-kurser/mvc/me/report/tests/Card/CardTest.php" tests="2" assertions="5" errors="0" warnings="0" failures="0" skipped="0" time="0.000553">
        <testcase name="testCreateCard" class="App\Test\Card\CardTest" classname="App.Test.Card.CardTest" file="/home/rebeckacorell/dbwebb-kurser/mvc/me/report/tests/Card/CardTest.php" line="17" assertions="3" time="0.000289"/>
        <testcase name="testGetCard" class="App\Test\Card\CardTest" classname="App.Test.Card.CardTest" file="/home/rebeckacorell/dbwebb-kurser/mvc/me/report/tests/Card/CardTest.php" line="32" assertions="2" time="0.000264"/>
      </testsuite>
      <testsuite name="App\Test\Card\DeckOfCardsTest" file="/home/rebeckacorell/dbwebb-kurser/mvc/me/report/tests/Card/DeckOfCardsTest.php" tests="3" assertions="8" errors="0" warnings="0" failures="0" skipped="0" time="0.002350">
        <testcase name="testCreateDeckOfCards" class="App\Test\Card\DeckOfCardsTest" classname="App.Test.Card.DeckOfCardsTest" file="/home/rebeckacorell/dbwebb-kurser/mvc/me/report/tests/Card/DeckOfCardsTest.php" line="17" assertions="3" time="0.001430"/>
        <testcase name="testGetNumOfCard" class="App\Test\Card\DeckOfCardsTest" classname="App.Test.Card.DeckOfCardsTest" file="/home/rebeckacorell/dbwebb-kurser/mvc/me/report/tests/Card/DeckOfCardsTest.php" line="32" assertions="3" time="0.000474"/>
        <testcase name="testDrawCard" class="App\Test\Card\DeckOfCardsTest" classname="App.Test.Card.DeckOfCardsTest" file="/home/rebeckacorell/dbwebb-kurser/mvc/me/report/tests/Card/DeckOfCardsTest.php" line="50" assertions="2" time="0.000447"/>
      </testsuite>
      <testsuite name="App\Test\Card\PlayerCardHandTest" file="/home/rebeckacorell/dbwebb-kurser/mvc/me/report/tests/Card/PlayerCardHandTest.php" tests="4" assertions="7" errors="0" warnings="0" failures="0" skipped="0" time="0.003510">
        <testcase name="testCreatePlayerCardHand" class="App\Test\Card\PlayerCardHandTest" classname="App.Test.Card.PlayerCardHandTest" file="/home/rebeckacorell/dbwebb-kurser/mvc/me/report/tests/Card/PlayerCardHandTest.php" line="18" assertions="1" time="0.001926"/>
        <testcase name="testDrawPlayerCard" class="App\Test\Card\PlayerCardHandTest" classname="App.Test.Card.PlayerCardHandTest" file="/home/rebeckacorell/dbwebb-kurser/mvc/me/report/tests/Card/PlayerCardHandTest.php" line="29" assertions="2" time="0.000634"/>
        <testcase name="testTotalPoints" class="App\Test\Card\PlayerCardHandTest" classname="App.Test.Card.PlayerCardHandTest" file="/home/rebeckacorell/dbwebb-kurser/mvc/me/report/tests/Card/PlayerCardHandTest.php" line="46" assertions="2" time="0.000541"/>
        <testcase name="testaddPoints" class="App\Test\Card\PlayerCardHandTest" classname="App.Test.Card.PlayerCardHandTest" file="/home/rebeckacorell/dbwebb-kurser/mvc/me/report/tests/Card/PlayerCardHandTest.php" line="64" assertions="2" time="0.000408"/>
      </testsuite>
      <testsuite name="App\Test\Controller\AppControllerJsonTest" file="/home/rebeckacorell/dbwebb-kurser/mvc/me/report/tests/Controller/AppControllerJsonTest.php" tests="7" assertions="7" errors="0" warnings="0" failures="0" skipped="0" time="0.652522">
        <testcase name="testJsonQuote" class="App\Test\Controller\AppControllerJsonTest" classname="App.Test.Controller.AppControllerJsonTest" file="/home/rebeckacorell/dbwebb-kurser/mvc/me/report/tests/Controller/AppControllerJsonTest.php" line="15" assertions="1" time="0.543336"/>
        <testcase name="testJsonDeck" class="App\Test\Controller\AppControllerJsonTest" classname="App.Test.Controller.AppControllerJsonTest" file="/home/rebeckacorell/dbwebb-kurser/mvc/me/report/tests/Controller/AppControllerJsonTest.php" line="27" assertions="1" time="0.040485"/>
        <testcase name="testJsonShuffle" class="App\Test\Controller\AppControllerJsonTest" classname="App.Test.Controller.AppControllerJsonTest" file="/home/rebeckacorell/dbwebb-kurser/mvc/me/report/tests/Controller/AppControllerJsonTest.php" line="38" assertions="1" time="0.013569"/>
        <testcase name="testJsonDraw" class="App\Test\Controller\AppControllerJsonTest" classname="App.Test.Controller.AppControllerJsonTest" file="/home/rebeckacorell/dbwebb-kurser/mvc/me/report/tests/Controller/AppControllerJsonTest.php" line="50" assertions="1" time="0.011681"/>
        <testcase name="testJsonDrawMore" class="App\Test\Controller\AppControllerJsonTest" classname="App.Test.Controller.AppControllerJsonTest" file="/home/rebeckacorell/dbwebb-kurser/mvc/me/report/tests/Controller/AppControllerJsonTest.php" line="62" assertions="1" time="0.013980"/>
        <testcase name="testJsonDrawMoreMax" class="App\Test\Controller\AppControllerJsonTest" classname="App.Test.Controller.AppControllerJsonTest" file="/home/rebeckacorell/dbwebb-kurser/mvc/me/report/tests/Controller/AppControllerJsonTest.php" line="74" assertions="1" time="0.015190"/>
        <testcase name="testJsonGame" class="App\Test\Controller\AppControllerJsonTest" classname="App.Test.Controller.AppControllerJsonTest" file="/home/rebeckacorell/dbwebb-kurser/mvc/me/report/tests/Controller/AppControllerJsonTest.php" line="86" assertions="1" time="0.014282"/>
      </testsuite>
      <testsuite name="App\Test\Controller\AppControllerTwigTest" file="/home/rebeckacorell/dbwebb-kurser/mvc/me/report/tests/Controller/AppControllerTwigTest.php" tests="6" assertions="6" errors="0" warnings="0" failures="0" skipped="0" time="0.187079">
        <testcase name="testHome" class="App\Test\Controller\AppControllerTwigTest" classname="App.Test.Controller.AppControllerTwigTest" file="/home/rebeckacorell/dbwebb-kurser/mvc/me/report/tests/Controller/AppControllerTwigTest.php" line="13" assertions="1" time="0.078741"/>
        <testcase name="testAbout" class="App\Test\Controller\AppControllerTwigTest" classname="App.Test.Controller.AppControllerTwigTest" file="/home/rebeckacorell/dbwebb-kurser/mvc/me/report/tests/Controller/AppControllerTwigTest.php" line="29" assertions="1" time="0.020844"/>
        <testcase name="testReport" class="App\Test\Controller\AppControllerTwigTest" classname="App.Test.Controller.AppControllerTwigTest" file="/home/rebeckacorell/dbwebb-kurser/mvc/me/report/tests/Controller/AppControllerTwigTest.php" line="45" assertions="1" time="0.025595"/>
        <testcase name="testLucky" class="App\Test\Controller\AppControllerTwigTest" classname="App.Test.Controller.AppControllerTwigTest" file="/home/rebeckacorell/dbwebb-kurser/mvc/me/report/tests/Controller/AppControllerTwigTest.php" line="61" assertions="1" time="0.020159"/>
        <testcase name="testApi" class="App\Test\Controller\AppControllerTwigTest" classname="App.Test.Controller.AppControllerTwigTest" file="/home/rebeckacorell/dbwebb-kurser/mvc/me/report/tests/Controller/AppControllerTwigTest.php" line="77" assertions="1" time="0.017938"/>
        <testcase name="testMetrics" class="App\Test\Controller\AppControllerTwigTest" classname="App.Test.Controller.AppControllerTwigTest" file="/home/rebeckacorell/dbwebb-kurser/mvc/me/report/tests/Controller/AppControllerTwigTest.php" line="93" assertions="1" time="0.023802"/>
      </testsuite>
      <testsuite name="App\Test\Controller\CardGameControllerTest" file="/home/rebeckacorell/dbwebb-kurser/mvc/me/report/tests/Controller/CardGameControllerTest.php" tests="10" assertions="11" errors="0" warnings="0" failures="0" skipped="0" time="0.355046">
        <testcase name="testSession" class="App\Test\Controller\CardGameControllerTest" classname="App.Test.Controller.CardGameControllerTest" file="/home/rebeckacorell/dbwebb-kurser/mvc/me/report/tests/Controller/CardGameControllerTest.php" line="13" assertions="2" time="0.041983"/>
        <testcase name="testCard" class="App\Test\Controller\CardGameControllerTest" classname="App.Test.Controller.CardGameControllerTest" file="/home/rebeckacorell/dbwebb-kurser/mvc/me/report/tests/Controller/CardGameControllerTest.php" line="33" assertions="1" time="0.021032"/>
        <testcase name="testDeckNoSession" class="App\Test\Controller\CardGameControllerTest" classname="App.Test.Controller.CardGameControllerTest" file="/home/rebeckacorell/dbwebb-kurser/mvc/me/report/tests/Controller/CardGameControllerTest.php" line="49" assertions="1" time="0.024230"/>
        <testcase name="testDeck" class="App\Test\Controller\CardGameControllerTest" classname="App.Test.Controller.CardGameControllerTest" file="/home/rebeckacorell/dbwebb-kurser/mvc/me/report/tests/Controller/CardGameControllerTest.php" line="65" assertions="1" time="0.037059"/>
        <testcase name="testShuffleNoSession" class="App\Test\Controller\CardGameControllerTest" classname="App.Test.Controller.CardGameControllerTest" file="/home/rebeckacorell/dbwebb-kurser/mvc/me/report/tests/Controller/CardGameControllerTest.php" line="82" assertions="1" time="0.023468"/>
        <testcase name="testShuffle" class="App\Test\Controller\CardGameControllerTest" classname="App.Test.Controller.CardGameControllerTest" file="/home/rebeckacorell/dbwebb-kurser/mvc/me/report/tests/Controller/CardGameControllerTest.php" line="98" assertions="1" time="0.044078"/>
        <testcase name="testDrawNoSession" class="App\Test\Controller\CardGameControllerTest" classname="App.Test.Controller.CardGameControllerTest" file="/home/rebeckacorell/dbwebb-kurser/mvc/me/report/tests/Controller/CardGameControllerTest.php" line="115" assertions="1" time="0.020032"/>
        <testcase name="testDraw" class="App\Test\Controller\CardGameControllerTest" classname="App.Test.Controller.CardGameControllerTest" file="/home/rebeckacorell/dbwebb-kurser/mvc/me/report/tests/Controller/CardGameControllerTest.php" line="131" assertions="1" time="0.033612"/>
        <testcase name="testDrawManyNoSession" class="App\Test\Controller\CardGameControllerTest" classname="App.Test.Controller.CardGameControllerTest" file="/home/rebeckacorell/dbwebb-kurser/mvc/me/report/tests/Controller/CardGameControllerTest.php" line="148" assertions="1" time="0.017061"/>
        <testcase name="testDrawMany" class="App\Test\Controller\CardGameControllerTest" classname="App.Test.Controller.CardGameControllerTest" file="/home/rebeckacorell/dbwebb-kurser/mvc/me/report/tests/Controller/CardGameControllerTest.php" line="164" assertions="1" time="0.092490"/>
      </testsuite>
      <testsuite name="App\Test\Controller\DiceeControllerTest" file="/home/rebeckacorell/dbwebb-kurser/mvc/me/report/tests/Controller/DiceControllerTest.php" tests="10" assertions="13" errors="0" warnings="0" failures="0" skipped="0" time="0.208349">
        <testcase name="testHome" class="App\Test\Controller\DiceeControllerTest" classname="App.Test.Controller.DiceeControllerTest" file="/home/rebeckacorell/dbwebb-kurser/mvc/me/report/tests/Controller/DiceControllerTest.php" line="13" assertions="1" time="0.018842"/>
        <testcase name="testRollDice" class="App\Test\Controller\DiceeControllerTest" classname="App.Test.Controller.DiceeControllerTest" file="/home/rebeckacorell/dbwebb-kurser/mvc/me/report/tests/Controller/DiceControllerTest.php" line="29" assertions="1" time="0.020425"/>
        <testcase name="testTestRollDices" class="App\Test\Controller\DiceeControllerTest" classname="App.Test.Controller.DiceeControllerTest" file="/home/rebeckacorell/dbwebb-kurser/mvc/me/report/tests/Controller/DiceControllerTest.php" line="45" assertions="1" time="0.018172"/>
        <testcase name="testRollDicesTooMany" class="App\Test\Controller\DiceeControllerTest" classname="App.Test.Controller.DiceeControllerTest" file="/home/rebeckacorell/dbwebb-kurser/mvc/me/report/tests/Controller/DiceControllerTest.php" line="61" assertions="1" time="0.014782"/>
        <testcase name="testTestDiceHand" class="App\Test\Controller\DiceeControllerTest" classname="App.Test.Controller.DiceeControllerTest" file="/home/rebeckacorell/dbwebb-kurser/mvc/me/report/tests/Controller/DiceControllerTest.php" line="77" assertions="1" time="0.027300"/>
        <testcase name="testInit" class="App\Test\Controller\DiceeControllerTest" classname="App.Test.Controller.DiceeControllerTest" file="/home/rebeckacorell/dbwebb-kurser/mvc/me/report/tests/Controller/DiceControllerTest.php" line="93" assertions="1" time="0.016557"/>
        <testcase name="testInitPost" class="App\Test\Controller\DiceeControllerTest" classname="App.Test.Controller.DiceeControllerTest" file="/home/rebeckacorell/dbwebb-kurser/mvc/me/report/tests/Controller/DiceControllerTest.php" line="109" assertions="2" time="0.016492"/>
        <testcase name="testPlay" class="App\Test\Controller\DiceeControllerTest" classname="App.Test.Controller.DiceeControllerTest" file="/home/rebeckacorell/dbwebb-kurser/mvc/me/report/tests/Controller/DiceControllerTest.php" line="127" assertions="1" time="0.030306"/>
        <testcase name="testRoll" class="App\Test\Controller\DiceeControllerTest" classname="App.Test.Controller.DiceeControllerTest" file="/home/rebeckacorell/dbwebb-kurser/mvc/me/report/tests/Controller/DiceControllerTest.php" line="146" assertions="2" time="0.022415"/>
        <testcase name="testSave" class="App\Test\Controller\DiceeControllerTest" classname="App.Test.Controller.DiceeControllerTest" file="/home/rebeckacorell/dbwebb-kurser/mvc/me/report/tests/Controller/DiceControllerTest.php" line="165" assertions="2" time="0.023058"/>
      </testsuite>
      <testsuite name="App\Test\Controller\LibraryControllerTest" file="/home/rebeckacorell/dbwebb-kurser/mvc/me/report/tests/Controller/LibraryControllerTest.php" tests="8" assertions="9" errors="0" warnings="0" failures="0" skipped="0" time="0.546011">
        <testcase name="testIndex" class="App\Test\Controller\LibraryControllerTest" classname="App.Test.Controller.LibraryControllerTest" file="/home/rebeckacorell/dbwebb-kurser/mvc/me/report/tests/Controller/LibraryControllerTest.php" line="15" assertions="1" time="0.128792"/>
        <testcase name="testCreateBook" class="App\Test\Controller\LibraryControllerTest" classname="App.Test.Controller.LibraryControllerTest" file="/home/rebeckacorell/dbwebb-kurser/mvc/me/report/tests/Controller/LibraryControllerTest.php" line="31" assertions="1" time="0.076660"/>
        <testcase name="testCreateBookPost" class="App\Test\Controller\LibraryControllerTest" classname="App.Test.Controller.LibraryControllerTest" file="/home/rebeckacorell/dbwebb-kurser/mvc/me/report/tests/Controller/LibraryControllerTest.php" line="48" assertions="2" time="0.130717"/>
        <testcase name="testViewAllProducts" class="App\Test\Controller\LibraryControllerTest" classname="App.Test.Controller.LibraryControllerTest" file="/home/rebeckacorell/dbwebb-kurser/mvc/me/report/tests/Controller/LibraryControllerTest.php" line="122" assertions="1" time="0.041818"/>
        <testcase name="testShowAllBooksApi" class="App\Test\Controller\LibraryControllerTest" classname="App.Test.Controller.LibraryControllerTest" file="/home/rebeckacorell/dbwebb-kurser/mvc/me/report/tests/Controller/LibraryControllerTest.php" line="165" assertions="1" time="0.032312"/>
        <testcase name="testShowAllBooksApiWithNoBooks" class="App\Test\Controller\LibraryControllerTest" classname="App.Test.Controller.LibraryControllerTest" file="/home/rebeckacorell/dbwebb-kurser/mvc/me/report/tests/Controller/LibraryControllerTest.php" line="182" assertions="1" time="0.059186"/>
        <testcase name="testSearchByIsbnApi" class="App\Test\Controller\LibraryControllerTest" classname="App.Test.Controller.LibraryControllerTest" file="/home/rebeckacorell/dbwebb-kurser/mvc/me/report/tests/Controller/LibraryControllerTest.php" line="201" assertions="1" time="0.018501"/>
        <testcase name="testSearchByIsbnApiWithNoBooks" class="App\Test\Controller\LibraryControllerTest" classname="App.Test.Controller.LibraryControllerTest" file="/home/rebeckacorell/dbwebb-kurser/mvc/me/report/tests/Controller/LibraryControllerTest.php" line="219" assertions="1" time="0.058023"/>
      </testsuite>
      <testsuite name="App\Test\Controller\ProjectControllerJsonTest" file="/home/rebeckacorell/dbwebb-kurser/mvc/me/report/tests/Controller/ProjectControllerJsonTest.php" tests="6" assertions="6" errors="0" warnings="0" failures="0" skipped="0" time="0.070423">
        <testcase name="testApiDeck" class="App\Test\Controller\ProjectControllerJsonTest" classname="App.Test.Controller.ProjectControllerJsonTest" file="/home/rebeckacorell/dbwebb-kurser/mvc/me/report/tests/Controller/ProjectControllerJsonTest.php" line="13" assertions="1" time="0.013304"/>
        <testcase name="testApiTable" class="App\Test\Controller\ProjectControllerJsonTest" classname="App.Test.Controller.ProjectControllerJsonTest" file="/home/rebeckacorell/dbwebb-kurser/mvc/me/report/tests/Controller/ProjectControllerJsonTest.php" line="25" assertions="1" time="0.013868"/>
        <testcase name="testApiTableString" class="App\Test\Controller\ProjectControllerJsonTest" classname="App.Test.Controller.ProjectControllerJsonTest" file="/home/rebeckacorell/dbwebb-kurser/mvc/me/report/tests/Controller/ProjectControllerJsonTest.php" line="37" assertions="1" time="0.009260"/>
        <testcase name="testApiTableIsFull" class="App\Test\Controller\ProjectControllerJsonTest" classname="App.Test.Controller.ProjectControllerJsonTest" file="/home/rebeckacorell/dbwebb-kurser/mvc/me/report/tests/Controller/ProjectControllerJsonTest.php" line="49" assertions="1" time="0.011163"/>
        <testcase name="testApiScore" class="App\Test\Controller\ProjectControllerJsonTest" classname="App.Test.Controller.ProjectControllerJsonTest" file="/home/rebeckacorell/dbwebb-kurser/mvc/me/report/tests/Controller/ProjectControllerJsonTest.php" line="61" assertions="1" time="0.010936"/>
        <testcase name="testApiDelete" class="App\Test\Controller\ProjectControllerJsonTest" classname="App.Test.Controller.ProjectControllerJsonTest" file="/home/rebeckacorell/dbwebb-kurser/mvc/me/report/tests/Controller/ProjectControllerJsonTest.php" line="73" assertions="1" time="0.011892"/>
      </testsuite>
      <testsuite name="App\Test\Controller\ProjectControllerTest" file="/home/rebeckacorell/dbwebb-kurser/mvc/me/report/tests/Controller/ProjectControllerTest.php" tests="8" assertions="20" errors="0" warnings="0" failures="0" skipped="0" time="1.780853">
        <testcase name="testAbout" class="App\Test\Controller\ProjectControllerTest" classname="App.Test.Controller.ProjectControllerTest" file="/home/rebeckacorell/dbwebb-kurser/mvc/me/report/tests/Controller/ProjectControllerTest.php" line="15" assertions="3" time="0.052858"/>
        <testcase name="testProj" class="App\Test\Controller\ProjectControllerTest" classname="App.Test.Controller.ProjectControllerTest" file="/home/rebeckacorell/dbwebb-kurser/mvc/me/report/tests/Controller/ProjectControllerTest.php" line="32" assertions="3" time="0.022909"/>
        <testcase name="testSquareBoard" class="App\Test\Controller\ProjectControllerTest" classname="App.Test.Controller.ProjectControllerTest" file="/home/rebeckacorell/dbwebb-kurser/mvc/me/report/tests/Controller/ProjectControllerTest.php" line="49" assertions="3" time="1.515121"/>
        <testcase name="testSquareBoardPost" class="App\Test\Controller\ProjectControllerTest" classname="App.Test.Controller.ProjectControllerTest" file="/home/rebeckacorell/dbwebb-kurser/mvc/me/report/tests/Controller/ProjectControllerTest.php" line="70" assertions="2" time="0.032266"/>
        <testcase name="testSquareBoardPostCardsFull" class="App\Test\Controller\ProjectControllerTest" classname="App.Test.Controller.ProjectControllerTest" file="/home/rebeckacorell/dbwebb-kurser/mvc/me/report/tests/Controller/ProjectControllerTest.php" line="94" assertions="2" time="0.032925"/>
        <testcase name="testSquareBoardFinishedCardsNotFilled" class="App\Test\Controller\ProjectControllerTest" classname="App.Test.Controller.ProjectControllerTest" file="/home/rebeckacorell/dbwebb-kurser/mvc/me/report/tests/Controller/ProjectControllerTest.php" line="118" assertions="3" time="0.047967"/>
        <testcase name="testSquareBoardFinishedCardsFilled" class="App\Test\Controller\ProjectControllerTest" classname="App.Test.Controller.ProjectControllerTest" file="/home/rebeckacorell/dbwebb-kurser/mvc/me/report/tests/Controller/ProjectControllerTest.php" line="136" assertions="3" time="0.041386"/>
        <testcase name="testApi" class="App\Test\Controller\ProjectControllerTest" classname="App.Test.Controller.ProjectControllerTest" file="/home/rebeckacorell/dbwebb-kurser/mvc/me/report/tests/Controller/ProjectControllerTest.php" line="154" assertions="1" time="0.035421"/>
      </testsuite>
      <testsuite name="App\Test\Controller\TwentyOneGameControllerTest" file="/home/rebeckacorell/dbwebb-kurser/mvc/me/report/tests/Controller/TwentyOneGameControllerTest.php" tests="7" assertions="7" errors="0" warnings="0" failures="0" skipped="0" time="0.201882">
        <testcase name="testGame" class="App\Test\Controller\TwentyOneGameControllerTest" classname="App.Test.Controller.TwentyOneGameControllerTest" file="/home/rebeckacorell/dbwebb-kurser/mvc/me/report/tests/Controller/TwentyOneGameControllerTest.php" line="14" assertions="1" time="0.016650"/>
        <testcase name="testDoc" class="App\Test\Controller\TwentyOneGameControllerTest" classname="App.Test.Controller.TwentyOneGameControllerTest" file="/home/rebeckacorell/dbwebb-kurser/mvc/me/report/tests/Controller/TwentyOneGameControllerTest.php" line="30" assertions="1" time="0.015046"/>
        <testcase name="testBoard" class="App\Test\Controller\TwentyOneGameControllerTest" classname="App.Test.Controller.TwentyOneGameControllerTest" file="/home/rebeckacorell/dbwebb-kurser/mvc/me/report/tests/Controller/TwentyOneGameControllerTest.php" line="46" assertions="1" time="0.018975"/>
        <testcase name="testBoardDrawn" class="App\Test\Controller\TwentyOneGameControllerTest" classname="App.Test.Controller.TwentyOneGameControllerTest" file="/home/rebeckacorell/dbwebb-kurser/mvc/me/report/tests/Controller/TwentyOneGameControllerTest.php" line="62" assertions="1" time="0.037480"/>
        <testcase name="testBoardEss" class="App\Test\Controller\TwentyOneGameControllerTest" classname="App.Test.Controller.TwentyOneGameControllerTest" file="/home/rebeckacorell/dbwebb-kurser/mvc/me/report/tests/Controller/TwentyOneGameControllerTest.php" line="121" assertions="1" time="0.034963"/>
        <testcase name="testBoardlost" class="App\Test\Controller\TwentyOneGameControllerTest" classname="App.Test.Controller.TwentyOneGameControllerTest" file="/home/rebeckacorell/dbwebb-kurser/mvc/me/report/tests/Controller/TwentyOneGameControllerTest.php" line="138" assertions="1" time="0.034405"/>
        <testcase name="testBoardEnd" class="App\Test\Controller\TwentyOneGameControllerTest" classname="App.Test.Controller.TwentyOneGameControllerTest" file="/home/rebeckacorell/dbwebb-kurser/mvc/me/report/tests/Controller/TwentyOneGameControllerTest.php" line="155" assertions="1" time="0.044363"/>
      </testsuite>
      <testsuite name="App\Test\Dice\DiceGraphicTest" file="/home/rebeckacorell/dbwebb-kurser/mvc/me/report/tests/Dice/DiceGraphicTest.php" tests="1" assertions="2" errors="0" warnings="0" failures="0" skipped="0" time="0.000418">
        <testcase name="testCreateDice" class="App\Test\Dice\DiceGraphicTest" classname="App.Test.Dice.DiceGraphicTest" file="/home/rebeckacorell/dbwebb-kurser/mvc/me/report/tests/Dice/DiceGraphicTest.php" line="17" assertions="2" time="0.000418"/>
      </testsuite>
      <testsuite name="App\Test\Dice\DiceHandTest" file="/home/rebeckacorell/dbwebb-kurser/mvc/me/report/tests/Dice/DiceHandTest.php" tests="4" assertions="6" errors="0" warnings="0" failures="0" skipped="0" time="0.002928">
        <testcase name="testAddStubbedDices" class="App\Test\Dice\DiceHandTest" classname="App.Test.Dice.DiceHandTest" file="/home/rebeckacorell/dbwebb-kurser/mvc/me/report/tests/Dice/DiceHandTest.php" line="17" assertions="1" time="0.000971"/>
        <testcase name="testGetNumberDices" class="App\Test\Dice\DiceHandTest" classname="App.Test.Dice.DiceHandTest" file="/home/rebeckacorell/dbwebb-kurser/mvc/me/report/tests/Dice/DiceHandTest.php" line="39" assertions="1" time="0.000498"/>
        <testcase name="testAddDicesMixed" class="App\Test\Dice\DiceHandTest" classname="App.Test.Dice.DiceHandTest" file="/home/rebeckacorell/dbwebb-kurser/mvc/me/report/tests/Dice/DiceHandTest.php" line="56" assertions="1" time="0.000357"/>
        <testcase name="testGetValues" class="App\Test\Dice\DiceHandTest" classname="App.Test.Dice.DiceHandTest" file="/home/rebeckacorell/dbwebb-kurser/mvc/me/report/tests/Dice/DiceHandTest.php" line="67" assertions="3" time="0.001102"/>
      </testsuite>
      <testsuite name="App\Test\Dice\DiceTest" file="/home/rebeckacorell/dbwebb-kurser/mvc/me/report/tests/Dice/DiceTest.php" tests="2" assertions="5" errors="0" warnings="0" failures="0" skipped="0" time="0.000755">
        <testcase name="testCreateDice" class="App\Test\Dice\DiceTest" classname="App.Test.Dice.DiceTest" file="/home/rebeckacorell/dbwebb-kurser/mvc/me/report/tests/Dice/DiceTest.php" line="17" assertions="2" time="0.000321"/>
        <testcase name="testRoll" class="App\Test\Dice\DiceTest" classname="App.Test.Dice.DiceTest" file="/home/rebeckacorell/dbwebb-kurser/mvc/me/report/tests/Dice/DiceTest.php" line="29" assertions="3" time="0.000435"/>
      </testsuite>
      <testsuite name="App\Test\Entity\LibraryTest" file="/home/rebeckacorell/dbwebb-kurser/mvc/me/report/tests/Entity/LibraryTest.php" tests="6" assertions="17" errors="0" warnings="0" failures="0" skipped="0" time="0.002041">
        <testcase name="testId" class="App\Test\Entity\LibraryTest" classname="App.Test.Entity.LibraryTest" file="/home/rebeckacorell/dbwebb-kurser/mvc/me/report/tests/Entity/LibraryTest.php" line="16" assertions="2" time="0.000300"/>
        <testcase name="testTitle" class="App\Test\Entity\LibraryTest" classname="App.Test.Entity.LibraryTest" file="/home/rebeckacorell/dbwebb-kurser/mvc/me/report/tests/Entity/LibraryTest.php" line="28" assertions="3" time="0.000338"/>
        <testcase name="testIsbn" class="App\Test\Entity\LibraryTest" classname="App.Test.Entity.LibraryTest" file="/home/rebeckacorell/dbwebb-kurser/mvc/me/report/tests/Entity/LibraryTest.php" line="44" assertions="3" time="0.000355"/>
        <testcase name="testAuthor" class="App\Test\Entity\LibraryTest" classname="App.Test.Entity.LibraryTest" file="/home/rebeckacorell/dbwebb-kurser/mvc/me/report/tests/Entity/LibraryTest.php" line="60" assertions="3" time="0.000374"/>
        <testcase name="testImgLink" class="App\Test\Entity\LibraryTest" classname="App.Test.Entity.LibraryTest" file="/home/rebeckacorell/dbwebb-kurser/mvc/me/report/tests/Entity/LibraryTest.php" line="76" assertions="3" time="0.000354"/>
        <testcase name="testDetails" class="App\Test\Entity\LibraryTest" classname="App.Test.Entity.LibraryTest" file="/home/rebeckacorell/dbwebb-kurser/mvc/me/report/tests/Entity/LibraryTest.php" line="92" assertions="3" time="0.000319"/>
      </testsuite>
      <testsuite name="App\Test\Project\TableTest" file="/home/rebeckacorell/dbwebb-kurser/mvc/me/report/tests/Project/TableTest.php" tests="4" assertions="6" errors="0" warnings="0" failures="0" skipped="0" time="0.004403">
        <testcase name="testCreateTable" class="App\Test\Project\TableTest" classname="App.Test.Project.TableTest" file="/home/rebeckacorell/dbwebb-kurser/mvc/me/report/tests/Project/TableTest.php" line="18" assertions="1" time="0.000289"/>
        <testcase name="testInsertCard" class="App\Test\Project\TableTest" classname="App.Test.Project.TableTest" file="/home/rebeckacorell/dbwebb-kurser/mvc/me/report/tests/Project/TableTest.php" line="27" assertions="1" time="0.000779"/>
        <testcase name="testGetTable" class="App\Test\Project\TableTest" classname="App.Test.Project.TableTest" file="/home/rebeckacorell/dbwebb-kurser/mvc/me/report/tests/Project/TableTest.php" line="44" assertions="2" time="0.001374"/>
        <testcase name="testCalculateScore" class="App\Test\Project\TableTest" classname="App.Test.Project.TableTest" file="/home/rebeckacorell/dbwebb-kurser/mvc/me/report/tests/Project/TableTest.php" line="64" assertions="2" time="0.001961"/>
      </testsuite>
    </testsuite>
  </testsuite>
</testsuites>
