<?xml version="1.0" encoding="UTF-8"?>
<testsuites>
  <testsuite name="" tests="40" assertions="78" errors="0" warnings="0" failures="0" skipped="0" time="0.559484">
    <testsuite name="Project Test Suite" tests="40" assertions="78" errors="0" warnings="0" failures="0" skipped="0" time="0.559484">
      <testsuite name="App\Test\Card\BankCardHandTest" file="/home/rebeckacorell/dbwebb-kurser/mvc/me/report/tests/Card/BankCardHandTest.php" tests="4" assertions="7" errors="0" warnings="0" failures="0" skipped="0" time="0.024499">
        <testcase name="testCreateBankCardHand" class="App\Test\Card\BankCardHandTest" classname="App.Test.Card.BankCardHandTest" file="/home/rebeckacorell/dbwebb-kurser/mvc/me/report/tests/Card/BankCardHandTest.php" line="18" assertions="1" time="0.018297"/>
        <testcase name="testPlayGame" class="App\Test\Card\BankCardHandTest" classname="App.Test.Card.BankCardHandTest" file="/home/rebeckacorell/dbwebb-kurser/mvc/me/report/tests/Card/BankCardHandTest.php" line="29" assertions="2" time="0.004937"/>
        <testcase name="testTotalPoints" class="App\Test\Card\BankCardHandTest" classname="App.Test.Card.BankCardHandTest" file="/home/rebeckacorell/dbwebb-kurser/mvc/me/report/tests/Card/BankCardHandTest.php" line="46" assertions="2" time="0.000885"/>
        <testcase name="testaddPoints" class="App\Test\Card\BankCardHandTest" classname="App.Test.Card.BankCardHandTest" file="/home/rebeckacorell/dbwebb-kurser/mvc/me/report/tests/Card/BankCardHandTest.php" line="64" assertions="2" time="0.000380"/>
      </testsuite>
      <testsuite name="App\Test\Card\CardGraphicTest" file="/home/rebeckacorell/dbwebb-kurser/mvc/me/report/tests/Card/CardGraphicTest.php" tests="5" assertions="11" errors="0" warnings="0" failures="0" skipped="0" time="0.003673">
        <testcase name="testCreateCardGraphic" class="App\Test\Card\CardGraphicTest" classname="App.Test.Card.CardGraphicTest" file="/home/rebeckacorell/dbwebb-kurser/mvc/me/report/tests/Card/CardGraphicTest.php" line="18" assertions="3" time="0.002463"/>
        <testcase name="testGetCardHeart" class="App\Test\Card\CardGraphicTest" classname="App.Test.Card.CardGraphicTest" file="/home/rebeckacorell/dbwebb-kurser/mvc/me/report/tests/Card/CardGraphicTest.php" line="33" assertions="2" time="0.000336"/>
        <testcase name="testGetCardClub" class="App\Test\Card\CardGraphicTest" classname="App.Test.Card.CardGraphicTest" file="/home/rebeckacorell/dbwebb-kurser/mvc/me/report/tests/Card/CardGraphicTest.php" line="46" assertions="2" time="0.000320"/>
        <testcase name="testGetCardDiamond" class="App\Test\Card\CardGraphicTest" classname="App.Test.Card.CardGraphicTest" file="/home/rebeckacorell/dbwebb-kurser/mvc/me/report/tests/Card/CardGraphicTest.php" line="59" assertions="2" time="0.000274"/>
        <testcase name="testGetCardSpade" class="App\Test\Card\CardGraphicTest" classname="App.Test.Card.CardGraphicTest" file="/home/rebeckacorell/dbwebb-kurser/mvc/me/report/tests/Card/CardGraphicTest.php" line="72" assertions="2" time="0.000280"/>
      </testsuite>
      <testsuite name="App\Test\Card\CardHandTest" file="/home/rebeckacorell/dbwebb-kurser/mvc/me/report/tests/Card/CardHandTest.php" tests="2" assertions="3" errors="0" warnings="0" failures="0" skipped="0" time="0.000830">
        <testcase name="testCreateCardHand" class="App\Test\Card\CardHandTest" classname="App.Test.Card.CardHandTest" file="/home/rebeckacorell/dbwebb-kurser/mvc/me/report/tests/Card/CardHandTest.php" line="18" assertions="1" time="0.000370"/>
        <testcase name="testDrawCard" class="App\Test\Card\CardHandTest" classname="App.Test.Card.CardHandTest" file="/home/rebeckacorell/dbwebb-kurser/mvc/me/report/tests/Card/CardHandTest.php" line="29" assertions="2" time="0.000460"/>
      </testsuite>
      <testsuite name="App\Test\Card\CardTest" file="/home/rebeckacorell/dbwebb-kurser/mvc/me/report/tests/Card/CardTest.php" tests="2" assertions="5" errors="0" warnings="0" failures="0" skipped="0" time="0.000585">
        <testcase name="testCreateCard" class="App\Test\Card\CardTest" classname="App.Test.Card.CardTest" file="/home/rebeckacorell/dbwebb-kurser/mvc/me/report/tests/Card/CardTest.php" line="17" assertions="3" time="0.000309"/>
        <testcase name="testGetCard" class="App\Test\Card\CardTest" classname="App.Test.Card.CardTest" file="/home/rebeckacorell/dbwebb-kurser/mvc/me/report/tests/Card/CardTest.php" line="32" assertions="2" time="0.000276"/>
      </testsuite>
      <testsuite name="App\Test\Card\DeckOfCardsTest" file="/home/rebeckacorell/dbwebb-kurser/mvc/me/report/tests/Card/DeckOfCardsTest.php" tests="3" assertions="8" errors="0" warnings="0" failures="0" skipped="0" time="0.002143">
        <testcase name="testCreateDeckOfCards" class="App\Test\Card\DeckOfCardsTest" classname="App.Test.Card.DeckOfCardsTest" file="/home/rebeckacorell/dbwebb-kurser/mvc/me/report/tests/Card/DeckOfCardsTest.php" line="17" assertions="3" time="0.001275"/>
        <testcase name="testGetNumOfCard" class="App\Test\Card\DeckOfCardsTest" classname="App.Test.Card.DeckOfCardsTest" file="/home/rebeckacorell/dbwebb-kurser/mvc/me/report/tests/Card/DeckOfCardsTest.php" line="32" assertions="3" time="0.000423"/>
        <testcase name="testDrawCard" class="App\Test\Card\DeckOfCardsTest" classname="App.Test.Card.DeckOfCardsTest" file="/home/rebeckacorell/dbwebb-kurser/mvc/me/report/tests/Card/DeckOfCardsTest.php" line="50" assertions="2" time="0.000445"/>
      </testsuite>
      <testsuite name="App\Test\Card\PlayerCardHandTest" file="/home/rebeckacorell/dbwebb-kurser/mvc/me/report/tests/Card/PlayerCardHandTest.php" tests="4" assertions="7" errors="0" warnings="0" failures="0" skipped="0" time="0.003180">
        <testcase name="testCreatePlayerCardHand" class="App\Test\Card\PlayerCardHandTest" classname="App.Test.Card.PlayerCardHandTest" file="/home/rebeckacorell/dbwebb-kurser/mvc/me/report/tests/Card/PlayerCardHandTest.php" line="18" assertions="1" time="0.001770"/>
        <testcase name="testDrawPlayerCard" class="App\Test\Card\PlayerCardHandTest" classname="App.Test.Card.PlayerCardHandTest" file="/home/rebeckacorell/dbwebb-kurser/mvc/me/report/tests/Card/PlayerCardHandTest.php" line="29" assertions="2" time="0.000532"/>
        <testcase name="testTotalPoints" class="App\Test\Card\PlayerCardHandTest" classname="App.Test.Card.PlayerCardHandTest" file="/home/rebeckacorell/dbwebb-kurser/mvc/me/report/tests/Card/PlayerCardHandTest.php" line="46" assertions="2" time="0.000496"/>
        <testcase name="testaddPoints" class="App\Test\Card\PlayerCardHandTest" classname="App.Test.Card.PlayerCardHandTest" file="/home/rebeckacorell/dbwebb-kurser/mvc/me/report/tests/Card/PlayerCardHandTest.php" line="64" assertions="2" time="0.000382"/>
      </testsuite>
      <testsuite name="App\Test\Controller\AppControllerJsonTest" file="/home/rebeckacorell/dbwebb-kurser/mvc/me/report/tests/Controller/AppControllerJsonTest.php" tests="7" assertions="7" errors="0" warnings="0" failures="0" skipped="0" time="0.514561">
        <testcase name="testJsonQuote" class="App\Test\Controller\AppControllerJsonTest" classname="App.Test.Controller.AppControllerJsonTest" file="/home/rebeckacorell/dbwebb-kurser/mvc/me/report/tests/Controller/AppControllerJsonTest.php" line="15" assertions="1" time="0.423847"/>
        <testcase name="testJsonDeck" class="App\Test\Controller\AppControllerJsonTest" classname="App.Test.Controller.AppControllerJsonTest" file="/home/rebeckacorell/dbwebb-kurser/mvc/me/report/tests/Controller/AppControllerJsonTest.php" line="27" assertions="1" time="0.032845"/>
        <testcase name="testJsonShuffle" class="App\Test\Controller\AppControllerJsonTest" classname="App.Test.Controller.AppControllerJsonTest" file="/home/rebeckacorell/dbwebb-kurser/mvc/me/report/tests/Controller/AppControllerJsonTest.php" line="38" assertions="1" time="0.011607"/>
        <testcase name="testJsonDraw" class="App\Test\Controller\AppControllerJsonTest" classname="App.Test.Controller.AppControllerJsonTest" file="/home/rebeckacorell/dbwebb-kurser/mvc/me/report/tests/Controller/AppControllerJsonTest.php" line="50" assertions="1" time="0.010327"/>
        <testcase name="testJsonDrawMore" class="App\Test\Controller\AppControllerJsonTest" classname="App.Test.Controller.AppControllerJsonTest" file="/home/rebeckacorell/dbwebb-kurser/mvc/me/report/tests/Controller/AppControllerJsonTest.php" line="62" assertions="1" time="0.011676"/>
        <testcase name="testJsonDrawMoreMax" class="App\Test\Controller\AppControllerJsonTest" classname="App.Test.Controller.AppControllerJsonTest" file="/home/rebeckacorell/dbwebb-kurser/mvc/me/report/tests/Controller/AppControllerJsonTest.php" line="74" assertions="1" time="0.012145"/>
        <testcase name="testJsonGame" class="App\Test\Controller\AppControllerJsonTest" classname="App.Test.Controller.AppControllerJsonTest" file="/home/rebeckacorell/dbwebb-kurser/mvc/me/report/tests/Controller/AppControllerJsonTest.php" line="86" assertions="1" time="0.012115"/>
      </testsuite>
      <testsuite name="App\Test\Dice\DiceGraphicTest" file="/home/rebeckacorell/dbwebb-kurser/mvc/me/report/tests/Dice/DiceGraphicTest.php" tests="1" assertions="2" errors="0" warnings="0" failures="0" skipped="0" time="0.001575">
        <testcase name="testCreateDice" class="App\Test\Dice\DiceGraphicTest" classname="App.Test.Dice.DiceGraphicTest" file="/home/rebeckacorell/dbwebb-kurser/mvc/me/report/tests/Dice/DiceGraphicTest.php" line="17" assertions="2" time="0.001575"/>
      </testsuite>
      <testsuite name="App\Test\Dice\DiceHandTest" file="/home/rebeckacorell/dbwebb-kurser/mvc/me/report/tests/Dice/DiceHandTest.php" tests="4" assertions="6" errors="0" warnings="0" failures="0" skipped="0" time="0.004759">
        <testcase name="testAddStubbedDices" class="App\Test\Dice\DiceHandTest" classname="App.Test.Dice.DiceHandTest" file="/home/rebeckacorell/dbwebb-kurser/mvc/me/report/tests/Dice/DiceHandTest.php" line="17" assertions="1" time="0.003009"/>
        <testcase name="testGetNumberDices" class="App\Test\Dice\DiceHandTest" classname="App.Test.Dice.DiceHandTest" file="/home/rebeckacorell/dbwebb-kurser/mvc/me/report/tests/Dice/DiceHandTest.php" line="39" assertions="1" time="0.000723"/>
        <testcase name="testAddDicesMixed" class="App\Test\Dice\DiceHandTest" classname="App.Test.Dice.DiceHandTest" file="/home/rebeckacorell/dbwebb-kurser/mvc/me/report/tests/Dice/DiceHandTest.php" line="56" assertions="1" time="0.000344"/>
        <testcase name="testGetValues" class="App\Test\Dice\DiceHandTest" classname="App.Test.Dice.DiceHandTest" file="/home/rebeckacorell/dbwebb-kurser/mvc/me/report/tests/Dice/DiceHandTest.php" line="67" assertions="3" time="0.000683"/>
      </testsuite>
      <testsuite name="App\Test\Dice\DiceTest" file="/home/rebeckacorell/dbwebb-kurser/mvc/me/report/tests/Dice/DiceTest.php" tests="2" assertions="5" errors="0" warnings="0" failures="0" skipped="0" time="0.000567">
        <testcase name="testCreateDice" class="App\Test\Dice\DiceTest" classname="App.Test.Dice.DiceTest" file="/home/rebeckacorell/dbwebb-kurser/mvc/me/report/tests/Dice/DiceTest.php" line="17" assertions="2" time="0.000280"/>
        <testcase name="testRoll" class="App\Test\Dice\DiceTest" classname="App.Test.Dice.DiceTest" file="/home/rebeckacorell/dbwebb-kurser/mvc/me/report/tests/Dice/DiceTest.php" line="29" assertions="3" time="0.000288"/>
      </testsuite>
      <testsuite name="App\Test\Entity\LibraryTest" file="/home/rebeckacorell/dbwebb-kurser/mvc/me/report/tests/Entity/LibraryTest.php" tests="6" assertions="17" errors="0" warnings="0" failures="0" skipped="0" time="0.003113">
        <testcase name="testId" class="App\Test\Entity\LibraryTest" classname="App.Test.Entity.LibraryTest" file="/home/rebeckacorell/dbwebb-kurser/mvc/me/report/tests/Entity/LibraryTest.php" line="16" assertions="2" time="0.001472"/>
        <testcase name="testTitle" class="App\Test\Entity\LibraryTest" classname="App.Test.Entity.LibraryTest" file="/home/rebeckacorell/dbwebb-kurser/mvc/me/report/tests/Entity/LibraryTest.php" line="28" assertions="3" time="0.000359"/>
        <testcase name="testIsbn" class="App\Test\Entity\LibraryTest" classname="App.Test.Entity.LibraryTest" file="/home/rebeckacorell/dbwebb-kurser/mvc/me/report/tests/Entity/LibraryTest.php" line="44" assertions="3" time="0.000349"/>
        <testcase name="testAuthor" class="App\Test\Entity\LibraryTest" classname="App.Test.Entity.LibraryTest" file="/home/rebeckacorell/dbwebb-kurser/mvc/me/report/tests/Entity/LibraryTest.php" line="60" assertions="3" time="0.000335"/>
        <testcase name="testImgLink" class="App\Test\Entity\LibraryTest" classname="App.Test.Entity.LibraryTest" file="/home/rebeckacorell/dbwebb-kurser/mvc/me/report/tests/Entity/LibraryTest.php" line="76" assertions="3" time="0.000300"/>
        <testcase name="testDetails" class="App\Test\Entity\LibraryTest" classname="App.Test.Entity.LibraryTest" file="/home/rebeckacorell/dbwebb-kurser/mvc/me/report/tests/Entity/LibraryTest.php" line="92" assertions="3" time="0.000298"/>
      </testsuite>
    </testsuite>
  </testsuite>
</testsuites>
