<?xml version="1.0" encoding="UTF-8"?>
<testsuites>
  <testsuite name="" tests="94" assertions="149" errors="0" warnings="0" failures="0" skipped="0" time="4.816043">
    <testsuite name="Project Test Suite" tests="94" assertions="149" errors="0" warnings="0" failures="0" skipped="0" time="4.816043">
      <testsuite name="App\Test\Card\BankCardHandTest" file="/home/rebeckacorell/dbwebb-kurser/mvc/me/report/tests/Card/BankCardHandTest.php" tests="4" assertions="7" errors="0" warnings="0" failures="0" skipped="0" time="0.032727">
        <testcase name="testCreateBankCardHand" class="App\Test\Card\BankCardHandTest" classname="App.Test.Card.BankCardHandTest" file="/home/rebeckacorell/dbwebb-kurser/mvc/me/report/tests/Card/BankCardHandTest.php" line="18" assertions="1" time="0.023287"/>
        <testcase name="testPlayGame" class="App\Test\Card\BankCardHandTest" classname="App.Test.Card.BankCardHandTest" file="/home/rebeckacorell/dbwebb-kurser/mvc/me/report/tests/Card/BankCardHandTest.php" line="29" assertions="2" time="0.007951"/>
        <testcase name="testTotalPoints" class="App\Test\Card\BankCardHandTest" classname="App.Test.Card.BankCardHandTest" file="/home/rebeckacorell/dbwebb-kurser/mvc/me/report/tests/Card/BankCardHandTest.php" line="46" assertions="2" time="0.001053"/>
        <testcase name="testaddPoints" class="App\Test\Card\BankCardHandTest" classname="App.Test.Card.BankCardHandTest" file="/home/rebeckacorell/dbwebb-kurser/mvc/me/report/tests/Card/BankCardHandTest.php" line="64" assertions="2" time="0.000436"/>
      </testsuite>
      <testsuite name="App\Test\Card\CardGraphicTest" file="/home/rebeckacorell/dbwebb-kurser/mvc/me/report/tests/Card/CardGraphicTest.php" tests="5" assertions="11" errors="0" warnings="0" failures="0" skipped="0" time="0.004639">
        <testcase name="testCreateCardGraphic" class="App\Test\Card\CardGraphicTest" classname="App.Test.Card.CardGraphicTest" file="/home/rebeckacorell/dbwebb-kurser/mvc/me/report/tests/Card/CardGraphicTest.php" line="17" assertions="3" time="0.003122"/>
        <testcase name="testGetCardHeart" class="App\Test\Card\CardGraphicTest" classname="App.Test.Card.CardGraphicTest" file="/home/rebeckacorell/dbwebb-kurser/mvc/me/report/tests/Card/CardGraphicTest.php" line="32" assertions="2" time="0.000459"/>
        <testcase name="testGetCardClub" class="App\Test\Card\CardGraphicTest" classname="App.Test.Card.CardGraphicTest" file="/home/rebeckacorell/dbwebb-kurser/mvc/me/report/tests/Card/CardGraphicTest.php" line="45" assertions="2" time="0.000355"/>
        <testcase name="testGetCardDiamond" class="App\Test\Card\CardGraphicTest" classname="App.Test.Card.CardGraphicTest" file="/home/rebeckacorell/dbwebb-kurser/mvc/me/report/tests/Card/CardGraphicTest.php" line="58" assertions="2" time="0.000359"/>
        <testcase name="testGetCardSpade" class="App\Test\Card\CardGraphicTest" classname="App.Test.Card.CardGraphicTest" file="/home/rebeckacorell/dbwebb-kurser/mvc/me/report/tests/Card/CardGraphicTest.php" line="71" assertions="2" time="0.000344"/>
      </testsuite>
      <testsuite name="App\Test\Card\CardHandTest" file="/home/rebeckacorell/dbwebb-kurser/mvc/me/report/tests/Card/CardHandTest.php" tests="4" assertions="14" errors="0" warnings="0" failures="0" skipped="0" time="0.003232">
        <testcase name="testCreateCardHand" class="App\Test\Card\CardHandTest" classname="App.Test.Card.CardHandTest" file="/home/rebeckacorell/dbwebb-kurser/mvc/me/report/tests/Card/CardHandTest.php" line="18" assertions="1" time="0.000416"/>
        <testcase name="testDrawCard" class="App\Test\Card\CardHandTest" classname="App.Test.Card.CardHandTest" file="/home/rebeckacorell/dbwebb-kurser/mvc/me/report/tests/Card/CardHandTest.php" line="29" assertions="4" time="0.000574"/>
        <testcase name="testDrawCardMore" class="App\Test\Card\CardHandTest" classname="App.Test.Card.CardHandTest" file="/home/rebeckacorell/dbwebb-kurser/mvc/me/report/tests/Card/CardHandTest.php" line="47" assertions="4" time="0.000832"/>
        <testcase name="testDrawCardToMany" class="App\Test\Card\CardHandTest" classname="App.Test.Card.CardHandTest" file="/home/rebeckacorell/dbwebb-kurser/mvc/me/report/tests/Card/CardHandTest.php" line="65" assertions="5" time="0.001410"/>
      </testsuite>
      <testsuite name="App\Test\Card\CardTest" file="/home/rebeckacorell/dbwebb-kurser/mvc/me/report/tests/Card/CardTest.php" tests="2" assertions="5" errors="0" warnings="0" failures="0" skipped="0" time="0.001724">
        <testcase name="testCreateCard" class="App\Test\Card\CardTest" classname="App.Test.Card.CardTest" file="/home/rebeckacorell/dbwebb-kurser/mvc/me/report/tests/Card/CardTest.php" line="17" assertions="3" time="0.001302"/>
        <testcase name="testGetCard" class="App\Test\Card\CardTest" classname="App.Test.Card.CardTest" file="/home/rebeckacorell/dbwebb-kurser/mvc/me/report/tests/Card/CardTest.php" line="32" assertions="2" time="0.000422"/>
      </testsuite>
      <testsuite name="App\Test\Card\DeckOfCardsTest" file="/home/rebeckacorell/dbwebb-kurser/mvc/me/report/tests/Card/DeckOfCardsTest.php" tests="3" assertions="8" errors="0" warnings="0" failures="0" skipped="0" time="0.003659">
        <testcase name="testCreateDeckOfCards" class="App\Test\Card\DeckOfCardsTest" classname="App.Test.Card.DeckOfCardsTest" file="/home/rebeckacorell/dbwebb-kurser/mvc/me/report/tests/Card/DeckOfCardsTest.php" line="17" assertions="3" time="0.002215"/>
        <testcase name="testGetNumOfCard" class="App\Test\Card\DeckOfCardsTest" classname="App.Test.Card.DeckOfCardsTest" file="/home/rebeckacorell/dbwebb-kurser/mvc/me/report/tests/Card/DeckOfCardsTest.php" line="32" assertions="3" time="0.000742"/>
        <testcase name="testDrawCard" class="App\Test\Card\DeckOfCardsTest" classname="App.Test.Card.DeckOfCardsTest" file="/home/rebeckacorell/dbwebb-kurser/mvc/me/report/tests/Card/DeckOfCardsTest.php" line="50" assertions="2" time="0.000702"/>
      </testsuite>
      <testsuite name="App\Test\Card\PlayerCardHandTest" file="/home/rebeckacorell/dbwebb-kurser/mvc/me/report/tests/Card/PlayerCardHandTest.php" tests="4" assertions="7" errors="0" warnings="0" failures="0" skipped="0" time="0.005605">
        <testcase name="testCreatePlayerCardHand" class="App\Test\Card\PlayerCardHandTest" classname="App.Test.Card.PlayerCardHandTest" file="/home/rebeckacorell/dbwebb-kurser/mvc/me/report/tests/Card/PlayerCardHandTest.php" line="18" assertions="1" time="0.001904"/>
        <testcase name="testDrawPlayerCard" class="App\Test\Card\PlayerCardHandTest" classname="App.Test.Card.PlayerCardHandTest" file="/home/rebeckacorell/dbwebb-kurser/mvc/me/report/tests/Card/PlayerCardHandTest.php" line="29" assertions="2" time="0.001319"/>
        <testcase name="testTotalPoints" class="App\Test\Card\PlayerCardHandTest" classname="App.Test.Card.PlayerCardHandTest" file="/home/rebeckacorell/dbwebb-kurser/mvc/me/report/tests/Card/PlayerCardHandTest.php" line="46" assertions="2" time="0.001282"/>
        <testcase name="testaddPoints" class="App\Test\Card\PlayerCardHandTest" classname="App.Test.Card.PlayerCardHandTest" file="/home/rebeckacorell/dbwebb-kurser/mvc/me/report/tests/Card/PlayerCardHandTest.php" line="64" assertions="2" time="0.001099"/>
      </testsuite>
      <testsuite name="App\Test\Controller\AppControllerJsonTest" file="/home/rebeckacorell/dbwebb-kurser/mvc/me/report/tests/Controller/AppControllerJsonTest.php" tests="7" assertions="7" errors="0" warnings="0" failures="0" skipped="0" time="0.698385">
        <testcase name="testJsonQuote" class="App\Test\Controller\AppControllerJsonTest" classname="App.Test.Controller.AppControllerJsonTest" file="/home/rebeckacorell/dbwebb-kurser/mvc/me/report/tests/Controller/AppControllerJsonTest.php" line="15" assertions="1" time="0.552358"/>
        <testcase name="testJsonDeck" class="App\Test\Controller\AppControllerJsonTest" classname="App.Test.Controller.AppControllerJsonTest" file="/home/rebeckacorell/dbwebb-kurser/mvc/me/report/tests/Controller/AppControllerJsonTest.php" line="27" assertions="1" time="0.051674"/>
        <testcase name="testJsonShuffle" class="App\Test\Controller\AppControllerJsonTest" classname="App.Test.Controller.AppControllerJsonTest" file="/home/rebeckacorell/dbwebb-kurser/mvc/me/report/tests/Controller/AppControllerJsonTest.php" line="38" assertions="1" time="0.015343"/>
        <testcase name="testJsonDraw" class="App\Test\Controller\AppControllerJsonTest" classname="App.Test.Controller.AppControllerJsonTest" file="/home/rebeckacorell/dbwebb-kurser/mvc/me/report/tests/Controller/AppControllerJsonTest.php" line="50" assertions="1" time="0.016031"/>
        <testcase name="testJsonDrawMore" class="App\Test\Controller\AppControllerJsonTest" classname="App.Test.Controller.AppControllerJsonTest" file="/home/rebeckacorell/dbwebb-kurser/mvc/me/report/tests/Controller/AppControllerJsonTest.php" line="62" assertions="1" time="0.020557"/>
        <testcase name="testJsonDrawMoreMax" class="App\Test\Controller\AppControllerJsonTest" classname="App.Test.Controller.AppControllerJsonTest" file="/home/rebeckacorell/dbwebb-kurser/mvc/me/report/tests/Controller/AppControllerJsonTest.php" line="74" assertions="1" time="0.018637"/>
        <testcase name="testJsonGame" class="App\Test\Controller\AppControllerJsonTest" classname="App.Test.Controller.AppControllerJsonTest" file="/home/rebeckacorell/dbwebb-kurser/mvc/me/report/tests/Controller/AppControllerJsonTest.php" line="86" assertions="1" time="0.023784"/>
      </testsuite>
      <testsuite name="App\Test\Controller\AppControllerTwigTest" file="/home/rebeckacorell/dbwebb-kurser/mvc/me/report/tests/Controller/AppControllerTwigTest.php" tests="6" assertions="6" errors="0" warnings="0" failures="0" skipped="0" time="0.313482">
        <testcase name="testHome" class="App\Test\Controller\AppControllerTwigTest" classname="App.Test.Controller.AppControllerTwigTest" file="/home/rebeckacorell/dbwebb-kurser/mvc/me/report/tests/Controller/AppControllerTwigTest.php" line="13" assertions="1" time="0.159376"/>
        <testcase name="testAbout" class="App\Test\Controller\AppControllerTwigTest" classname="App.Test.Controller.AppControllerTwigTest" file="/home/rebeckacorell/dbwebb-kurser/mvc/me/report/tests/Controller/AppControllerTwigTest.php" line="29" assertions="1" time="0.031711"/>
        <testcase name="testReport" class="App\Test\Controller\AppControllerTwigTest" classname="App.Test.Controller.AppControllerTwigTest" file="/home/rebeckacorell/dbwebb-kurser/mvc/me/report/tests/Controller/AppControllerTwigTest.php" line="45" assertions="1" time="0.034964"/>
        <testcase name="testLucky" class="App\Test\Controller\AppControllerTwigTest" classname="App.Test.Controller.AppControllerTwigTest" file="/home/rebeckacorell/dbwebb-kurser/mvc/me/report/tests/Controller/AppControllerTwigTest.php" line="61" assertions="1" time="0.028539"/>
        <testcase name="testApi" class="App\Test\Controller\AppControllerTwigTest" classname="App.Test.Controller.AppControllerTwigTest" file="/home/rebeckacorell/dbwebb-kurser/mvc/me/report/tests/Controller/AppControllerTwigTest.php" line="77" assertions="1" time="0.029214"/>
        <testcase name="testMetrics" class="App\Test\Controller\AppControllerTwigTest" classname="App.Test.Controller.AppControllerTwigTest" file="/home/rebeckacorell/dbwebb-kurser/mvc/me/report/tests/Controller/AppControllerTwigTest.php" line="93" assertions="1" time="0.029677"/>
      </testsuite>
      <testsuite name="App\Test\Controller\CardGameControllerTest" file="/home/rebeckacorell/dbwebb-kurser/mvc/me/report/tests/Controller/CardGameControllerTest.php" tests="10" assertions="11" errors="0" warnings="0" failures="0" skipped="0" time="0.424429">
        <testcase name="testSession" class="App\Test\Controller\CardGameControllerTest" classname="App.Test.Controller.CardGameControllerTest" file="/home/rebeckacorell/dbwebb-kurser/mvc/me/report/tests/Controller/CardGameControllerTest.php" line="13" assertions="2" time="0.043938"/>
        <testcase name="testCard" class="App\Test\Controller\CardGameControllerTest" classname="App.Test.Controller.CardGameControllerTest" file="/home/rebeckacorell/dbwebb-kurser/mvc/me/report/tests/Controller/CardGameControllerTest.php" line="33" assertions="1" time="0.023382"/>
        <testcase name="testDeckNoSession" class="App\Test\Controller\CardGameControllerTest" classname="App.Test.Controller.CardGameControllerTest" file="/home/rebeckacorell/dbwebb-kurser/mvc/me/report/tests/Controller/CardGameControllerTest.php" line="49" assertions="1" time="0.027486"/>
        <testcase name="testDeck" class="App\Test\Controller\CardGameControllerTest" classname="App.Test.Controller.CardGameControllerTest" file="/home/rebeckacorell/dbwebb-kurser/mvc/me/report/tests/Controller/CardGameControllerTest.php" line="65" assertions="1" time="0.043737"/>
        <testcase name="testShuffleNoSession" class="App\Test\Controller\CardGameControllerTest" classname="App.Test.Controller.CardGameControllerTest" file="/home/rebeckacorell/dbwebb-kurser/mvc/me/report/tests/Controller/CardGameControllerTest.php" line="82" assertions="1" time="0.024982"/>
        <testcase name="testShuffle" class="App\Test\Controller\CardGameControllerTest" classname="App.Test.Controller.CardGameControllerTest" file="/home/rebeckacorell/dbwebb-kurser/mvc/me/report/tests/Controller/CardGameControllerTest.php" line="98" assertions="1" time="0.056910"/>
        <testcase name="testDrawNoSession" class="App\Test\Controller\CardGameControllerTest" classname="App.Test.Controller.CardGameControllerTest" file="/home/rebeckacorell/dbwebb-kurser/mvc/me/report/tests/Controller/CardGameControllerTest.php" line="115" assertions="1" time="0.021580"/>
        <testcase name="testDraw" class="App\Test\Controller\CardGameControllerTest" classname="App.Test.Controller.CardGameControllerTest" file="/home/rebeckacorell/dbwebb-kurser/mvc/me/report/tests/Controller/CardGameControllerTest.php" line="131" assertions="1" time="0.044963"/>
        <testcase name="testDrawManyNoSession" class="App\Test\Controller\CardGameControllerTest" classname="App.Test.Controller.CardGameControllerTest" file="/home/rebeckacorell/dbwebb-kurser/mvc/me/report/tests/Controller/CardGameControllerTest.php" line="148" assertions="1" time="0.019807"/>
        <testcase name="testDrawMany" class="App\Test\Controller\CardGameControllerTest" classname="App.Test.Controller.CardGameControllerTest" file="/home/rebeckacorell/dbwebb-kurser/mvc/me/report/tests/Controller/CardGameControllerTest.php" line="164" assertions="1" time="0.117645"/>
      </testsuite>
      <testsuite name="App\Test\Controller\DiceeControllerTest" file="/home/rebeckacorell/dbwebb-kurser/mvc/me/report/tests/Controller/DiceControllerTest.php" tests="10" assertions="13" errors="0" warnings="0" failures="0" skipped="0" time="0.274547">
        <testcase name="testHome" class="App\Test\Controller\DiceeControllerTest" classname="App.Test.Controller.DiceeControllerTest" file="/home/rebeckacorell/dbwebb-kurser/mvc/me/report/tests/Controller/DiceControllerTest.php" line="13" assertions="1" time="0.025235"/>
        <testcase name="testRollDice" class="App\Test\Controller\DiceeControllerTest" classname="App.Test.Controller.DiceeControllerTest" file="/home/rebeckacorell/dbwebb-kurser/mvc/me/report/tests/Controller/DiceControllerTest.php" line="29" assertions="1" time="0.022770"/>
        <testcase name="testTestRollDices" class="App\Test\Controller\DiceeControllerTest" classname="App.Test.Controller.DiceeControllerTest" file="/home/rebeckacorell/dbwebb-kurser/mvc/me/report/tests/Controller/DiceControllerTest.php" line="45" assertions="1" time="0.022789"/>
        <testcase name="testRollDicesTooMany" class="App\Test\Controller\DiceeControllerTest" classname="App.Test.Controller.DiceeControllerTest" file="/home/rebeckacorell/dbwebb-kurser/mvc/me/report/tests/Controller/DiceControllerTest.php" line="61" assertions="1" time="0.024347"/>
        <testcase name="testTestDiceHand" class="App\Test\Controller\DiceeControllerTest" classname="App.Test.Controller.DiceeControllerTest" file="/home/rebeckacorell/dbwebb-kurser/mvc/me/report/tests/Controller/DiceControllerTest.php" line="77" assertions="1" time="0.032266"/>
        <testcase name="testInit" class="App\Test\Controller\DiceeControllerTest" classname="App.Test.Controller.DiceeControllerTest" file="/home/rebeckacorell/dbwebb-kurser/mvc/me/report/tests/Controller/DiceControllerTest.php" line="93" assertions="1" time="0.026127"/>
        <testcase name="testInitPost" class="App\Test\Controller\DiceeControllerTest" classname="App.Test.Controller.DiceeControllerTest" file="/home/rebeckacorell/dbwebb-kurser/mvc/me/report/tests/Controller/DiceControllerTest.php" line="109" assertions="2" time="0.022278"/>
        <testcase name="testPlay" class="App\Test\Controller\DiceeControllerTest" classname="App.Test.Controller.DiceeControllerTest" file="/home/rebeckacorell/dbwebb-kurser/mvc/me/report/tests/Controller/DiceControllerTest.php" line="127" assertions="1" time="0.039674"/>
        <testcase name="testRoll" class="App\Test\Controller\DiceeControllerTest" classname="App.Test.Controller.DiceeControllerTest" file="/home/rebeckacorell/dbwebb-kurser/mvc/me/report/tests/Controller/DiceControllerTest.php" line="146" assertions="2" time="0.030644"/>
        <testcase name="testSave" class="App\Test\Controller\DiceeControllerTest" classname="App.Test.Controller.DiceeControllerTest" file="/home/rebeckacorell/dbwebb-kurser/mvc/me/report/tests/Controller/DiceControllerTest.php" line="165" assertions="2" time="0.028417"/>
      </testsuite>
      <testsuite name="App\Test\Controller\LibraryControllerTest" file="/home/rebeckacorell/dbwebb-kurser/mvc/me/report/tests/Controller/LibraryControllerTest.php" tests="1" assertions="1" errors="0" warnings="0" failures="0" skipped="0" time="0.154437">
        <testcase name="testIndex" class="App\Test\Controller\LibraryControllerTest" classname="App.Test.Controller.LibraryControllerTest" file="/home/rebeckacorell/dbwebb-kurser/mvc/me/report/tests/Controller/LibraryControllerTest.php" line="15" assertions="1" time="0.154437"/>
      </testsuite>
      <testsuite name="App\Test\Controller\ProjectControllerJsonTest" file="/home/rebeckacorell/dbwebb-kurser/mvc/me/report/tests/Controller/ProjectControllerJsonTest.php" tests="6" assertions="6" errors="0" warnings="0" failures="0" skipped="0" time="0.095971">
        <testcase name="testApiDeck" class="App\Test\Controller\ProjectControllerJsonTest" classname="App.Test.Controller.ProjectControllerJsonTest" file="/home/rebeckacorell/dbwebb-kurser/mvc/me/report/tests/Controller/ProjectControllerJsonTest.php" line="13" assertions="1" time="0.012328"/>
        <testcase name="testApiTable" class="App\Test\Controller\ProjectControllerJsonTest" classname="App.Test.Controller.ProjectControllerJsonTest" file="/home/rebeckacorell/dbwebb-kurser/mvc/me/report/tests/Controller/ProjectControllerJsonTest.php" line="25" assertions="1" time="0.015825"/>
        <testcase name="testApiTableString" class="App\Test\Controller\ProjectControllerJsonTest" classname="App.Test.Controller.ProjectControllerJsonTest" file="/home/rebeckacorell/dbwebb-kurser/mvc/me/report/tests/Controller/ProjectControllerJsonTest.php" line="37" assertions="1" time="0.012580"/>
        <testcase name="testApiTableIsFull" class="App\Test\Controller\ProjectControllerJsonTest" classname="App.Test.Controller.ProjectControllerJsonTest" file="/home/rebeckacorell/dbwebb-kurser/mvc/me/report/tests/Controller/ProjectControllerJsonTest.php" line="49" assertions="1" time="0.013604"/>
        <testcase name="testApiScore" class="App\Test\Controller\ProjectControllerJsonTest" classname="App.Test.Controller.ProjectControllerJsonTest" file="/home/rebeckacorell/dbwebb-kurser/mvc/me/report/tests/Controller/ProjectControllerJsonTest.php" line="61" assertions="1" time="0.020112"/>
        <testcase name="testApiDelete" class="App\Test\Controller\ProjectControllerJsonTest" classname="App.Test.Controller.ProjectControllerJsonTest" file="/home/rebeckacorell/dbwebb-kurser/mvc/me/report/tests/Controller/ProjectControllerJsonTest.php" line="73" assertions="1" time="0.021522"/>
      </testsuite>
      <testsuite name="App\Test\Controller\ProjectControllerTest" file="/home/rebeckacorell/dbwebb-kurser/mvc/me/report/tests/Controller/ProjectControllerTest.php" tests="8" assertions="10" errors="0" warnings="0" failures="0" skipped="0" time="2.529559">
        <testcase name="testAbout" class="App\Test\Controller\ProjectControllerTest" classname="App.Test.Controller.ProjectControllerTest" file="/home/rebeckacorell/dbwebb-kurser/mvc/me/report/tests/Controller/ProjectControllerTest.php" line="15" assertions="1" time="0.035181"/>
        <testcase name="testProj" class="App\Test\Controller\ProjectControllerTest" classname="App.Test.Controller.ProjectControllerTest" file="/home/rebeckacorell/dbwebb-kurser/mvc/me/report/tests/Controller/ProjectControllerTest.php" line="32" assertions="1" time="0.040869"/>
        <testcase name="testSquareBoard" class="App\Test\Controller\ProjectControllerTest" classname="App.Test.Controller.ProjectControllerTest" file="/home/rebeckacorell/dbwebb-kurser/mvc/me/report/tests/Controller/ProjectControllerTest.php" line="49" assertions="1" time="2.194082"/>
        <testcase name="testSquareBoardPost" class="App\Test\Controller\ProjectControllerTest" classname="App.Test.Controller.ProjectControllerTest" file="/home/rebeckacorell/dbwebb-kurser/mvc/me/report/tests/Controller/ProjectControllerTest.php" line="70" assertions="2" time="0.044047"/>
        <testcase name="testSquareBoardPostCardsFull" class="App\Test\Controller\ProjectControllerTest" classname="App.Test.Controller.ProjectControllerTest" file="/home/rebeckacorell/dbwebb-kurser/mvc/me/report/tests/Controller/ProjectControllerTest.php" line="94" assertions="2" time="0.048745"/>
        <testcase name="testSquareBoardFinishedCardsNotFilled" class="App\Test\Controller\ProjectControllerTest" classname="App.Test.Controller.ProjectControllerTest" file="/home/rebeckacorell/dbwebb-kurser/mvc/me/report/tests/Controller/ProjectControllerTest.php" line="118" assertions="1" time="0.061849"/>
        <testcase name="testSquareBoardFinishedCardsFilled" class="App\Test\Controller\ProjectControllerTest" classname="App.Test.Controller.ProjectControllerTest" file="/home/rebeckacorell/dbwebb-kurser/mvc/me/report/tests/Controller/ProjectControllerTest.php" line="136" assertions="1" time="0.058070"/>
        <testcase name="testApi" class="App\Test\Controller\ProjectControllerTest" classname="App.Test.Controller.ProjectControllerTest" file="/home/rebeckacorell/dbwebb-kurser/mvc/me/report/tests/Controller/ProjectControllerTest.php" line="154" assertions="1" time="0.046717"/>
      </testsuite>
      <testsuite name="App\Test\Controller\TwentyOneGameControllerTest" file="/home/rebeckacorell/dbwebb-kurser/mvc/me/report/tests/Controller/TwentyOneGameControllerTest.php" tests="7" assertions="7" errors="0" warnings="0" failures="0" skipped="0" time="0.263593">
        <testcase name="testGame" class="App\Test\Controller\TwentyOneGameControllerTest" classname="App.Test.Controller.TwentyOneGameControllerTest" file="/home/rebeckacorell/dbwebb-kurser/mvc/me/report/tests/Controller/TwentyOneGameControllerTest.php" line="14" assertions="1" time="0.020196"/>
        <testcase name="testDoc" class="App\Test\Controller\TwentyOneGameControllerTest" classname="App.Test.Controller.TwentyOneGameControllerTest" file="/home/rebeckacorell/dbwebb-kurser/mvc/me/report/tests/Controller/TwentyOneGameControllerTest.php" line="30" assertions="1" time="0.019245"/>
        <testcase name="testBoard" class="App\Test\Controller\TwentyOneGameControllerTest" classname="App.Test.Controller.TwentyOneGameControllerTest" file="/home/rebeckacorell/dbwebb-kurser/mvc/me/report/tests/Controller/TwentyOneGameControllerTest.php" line="46" assertions="1" time="0.028151"/>
        <testcase name="testBoardDrawn" class="App\Test\Controller\TwentyOneGameControllerTest" classname="App.Test.Controller.TwentyOneGameControllerTest" file="/home/rebeckacorell/dbwebb-kurser/mvc/me/report/tests/Controller/TwentyOneGameControllerTest.php" line="62" assertions="1" time="0.056478"/>
        <testcase name="testBoardEss" class="App\Test\Controller\TwentyOneGameControllerTest" classname="App.Test.Controller.TwentyOneGameControllerTest" file="/home/rebeckacorell/dbwebb-kurser/mvc/me/report/tests/Controller/TwentyOneGameControllerTest.php" line="121" assertions="1" time="0.041202"/>
        <testcase name="testBoardlost" class="App\Test\Controller\TwentyOneGameControllerTest" classname="App.Test.Controller.TwentyOneGameControllerTest" file="/home/rebeckacorell/dbwebb-kurser/mvc/me/report/tests/Controller/TwentyOneGameControllerTest.php" line="138" assertions="1" time="0.046594"/>
        <testcase name="testBoardEnd" class="App\Test\Controller\TwentyOneGameControllerTest" classname="App.Test.Controller.TwentyOneGameControllerTest" file="/home/rebeckacorell/dbwebb-kurser/mvc/me/report/tests/Controller/TwentyOneGameControllerTest.php" line="155" assertions="1" time="0.051725"/>
      </testsuite>
      <testsuite name="App\Test\Dice\DiceGraphicTest" file="/home/rebeckacorell/dbwebb-kurser/mvc/me/report/tests/Dice/DiceGraphicTest.php" tests="1" assertions="2" errors="0" warnings="0" failures="0" skipped="0" time="0.000394">
        <testcase name="testCreateDice" class="App\Test\Dice\DiceGraphicTest" classname="App.Test.Dice.DiceGraphicTest" file="/home/rebeckacorell/dbwebb-kurser/mvc/me/report/tests/Dice/DiceGraphicTest.php" line="17" assertions="2" time="0.000394"/>
      </testsuite>
      <testsuite name="App\Test\Dice\DiceHandTest" file="/home/rebeckacorell/dbwebb-kurser/mvc/me/report/tests/Dice/DiceHandTest.php" tests="4" assertions="6" errors="0" warnings="0" failures="0" skipped="0" time="0.003104">
        <testcase name="testAddStubbedDices" class="App\Test\Dice\DiceHandTest" classname="App.Test.Dice.DiceHandTest" file="/home/rebeckacorell/dbwebb-kurser/mvc/me/report/tests/Dice/DiceHandTest.php" line="17" assertions="1" time="0.001114"/>
        <testcase name="testGetNumberDices" class="App\Test\Dice\DiceHandTest" classname="App.Test.Dice.DiceHandTest" file="/home/rebeckacorell/dbwebb-kurser/mvc/me/report/tests/Dice/DiceHandTest.php" line="39" assertions="1" time="0.000669"/>
        <testcase name="testAddDicesMixed" class="App\Test\Dice\DiceHandTest" classname="App.Test.Dice.DiceHandTest" file="/home/rebeckacorell/dbwebb-kurser/mvc/me/report/tests/Dice/DiceHandTest.php" line="56" assertions="1" time="0.000405"/>
        <testcase name="testGetValues" class="App\Test\Dice\DiceHandTest" classname="App.Test.Dice.DiceHandTest" file="/home/rebeckacorell/dbwebb-kurser/mvc/me/report/tests/Dice/DiceHandTest.php" line="67" assertions="3" time="0.000916"/>
      </testsuite>
      <testsuite name="App\Test\Dice\DiceTest" file="/home/rebeckacorell/dbwebb-kurser/mvc/me/report/tests/Dice/DiceTest.php" tests="2" assertions="5" errors="0" warnings="0" failures="0" skipped="0" time="0.000761">
        <testcase name="testCreateDice" class="App\Test\Dice\DiceTest" classname="App.Test.Dice.DiceTest" file="/home/rebeckacorell/dbwebb-kurser/mvc/me/report/tests/Dice/DiceTest.php" line="17" assertions="2" time="0.000358"/>
        <testcase name="testRoll" class="App\Test\Dice\DiceTest" classname="App.Test.Dice.DiceTest" file="/home/rebeckacorell/dbwebb-kurser/mvc/me/report/tests/Dice/DiceTest.php" line="29" assertions="3" time="0.000403"/>
      </testsuite>
      <testsuite name="App\Test\Entity\LibraryTest" file="/home/rebeckacorell/dbwebb-kurser/mvc/me/report/tests/Entity/LibraryTest.php" tests="6" assertions="17" errors="0" warnings="0" failures="0" skipped="0" time="0.002046">
        <testcase name="testId" class="App\Test\Entity\LibraryTest" classname="App.Test.Entity.LibraryTest" file="/home/rebeckacorell/dbwebb-kurser/mvc/me/report/tests/Entity/LibraryTest.php" line="16" assertions="2" time="0.000302"/>
        <testcase name="testTitle" class="App\Test\Entity\LibraryTest" classname="App.Test.Entity.LibraryTest" file="/home/rebeckacorell/dbwebb-kurser/mvc/me/report/tests/Entity/LibraryTest.php" line="28" assertions="3" time="0.000356"/>
        <testcase name="testIsbn" class="App\Test\Entity\LibraryTest" classname="App.Test.Entity.LibraryTest" file="/home/rebeckacorell/dbwebb-kurser/mvc/me/report/tests/Entity/LibraryTest.php" line="44" assertions="3" time="0.000354"/>
        <testcase name="testAuthor" class="App\Test\Entity\LibraryTest" classname="App.Test.Entity.LibraryTest" file="/home/rebeckacorell/dbwebb-kurser/mvc/me/report/tests/Entity/LibraryTest.php" line="60" assertions="3" time="0.000346"/>
        <testcase name="testImgLink" class="App\Test\Entity\LibraryTest" classname="App.Test.Entity.LibraryTest" file="/home/rebeckacorell/dbwebb-kurser/mvc/me/report/tests/Entity/LibraryTest.php" line="76" assertions="3" time="0.000333"/>
        <testcase name="testDetails" class="App\Test\Entity\LibraryTest" classname="App.Test.Entity.LibraryTest" file="/home/rebeckacorell/dbwebb-kurser/mvc/me/report/tests/Entity/LibraryTest.php" line="92" assertions="3" time="0.000355"/>
      </testsuite>
      <testsuite name="App\Test\Project\TableTest" file="/home/rebeckacorell/dbwebb-kurser/mvc/me/report/tests/Project/TableTest.php" tests="4" assertions="6" errors="0" warnings="0" failures="0" skipped="0" time="0.003749">
        <testcase name="testCreateTable" class="App\Test\Project\TableTest" classname="App.Test.Project.TableTest" file="/home/rebeckacorell/dbwebb-kurser/mvc/me/report/tests/Project/TableTest.php" line="18" assertions="1" time="0.000316"/>
        <testcase name="testInsertCard" class="App\Test\Project\TableTest" classname="App.Test.Project.TableTest" file="/home/rebeckacorell/dbwebb-kurser/mvc/me/report/tests/Project/TableTest.php" line="27" assertions="1" time="0.000474"/>
        <testcase name="testGetTable" class="App\Test\Project\TableTest" classname="App.Test.Project.TableTest" file="/home/rebeckacorell/dbwebb-kurser/mvc/me/report/tests/Project/TableTest.php" line="44" assertions="2" time="0.000813"/>
        <testcase name="testCalculateScore" class="App\Test\Project\TableTest" classname="App.Test.Project.TableTest" file="/home/rebeckacorell/dbwebb-kurser/mvc/me/report/tests/Project/TableTest.php" line="64" assertions="2" time="0.002147"/>
      </testsuite>
    </testsuite>
  </testsuite>
</testsuites>
