<?xml version="1.0" encoding="UTF-8"?>
<testsuites>
  <testsuite name="" tests="88" assertions="143" errors="0" warnings="0" failures="0" skipped="0" time="5.088743">
    <testsuite name="Project Test Suite" tests="88" assertions="143" errors="0" warnings="0" failures="0" skipped="0" time="5.088743">
      <testsuite name="App\Test\Card\BankCardHandTest" file="/home/rebeckacorell/dbwebb-kurser/mvc/me/report/tests/Card/BankCardHandTest.php" tests="4" assertions="7" errors="0" warnings="0" failures="0" skipped="0" time="0.040020">
        <testcase name="testCreateBankCardHand" class="App\Test\Card\BankCardHandTest" classname="App.Test.Card.BankCardHandTest" file="/home/rebeckacorell/dbwebb-kurser/mvc/me/report/tests/Card/BankCardHandTest.php" line="18" assertions="1" time="0.021827"/>
        <testcase name="testPlayGame" class="App\Test\Card\BankCardHandTest" classname="App.Test.Card.BankCardHandTest" file="/home/rebeckacorell/dbwebb-kurser/mvc/me/report/tests/Card/BankCardHandTest.php" line="29" assertions="2" time="0.015486"/>
        <testcase name="testTotalPoints" class="App\Test\Card\BankCardHandTest" classname="App.Test.Card.BankCardHandTest" file="/home/rebeckacorell/dbwebb-kurser/mvc/me/report/tests/Card/BankCardHandTest.php" line="46" assertions="2" time="0.001817"/>
        <testcase name="testaddPoints" class="App\Test\Card\BankCardHandTest" classname="App.Test.Card.BankCardHandTest" file="/home/rebeckacorell/dbwebb-kurser/mvc/me/report/tests/Card/BankCardHandTest.php" line="64" assertions="2" time="0.000890"/>
      </testsuite>
      <testsuite name="App\Test\Card\CardGraphicTest" file="/home/rebeckacorell/dbwebb-kurser/mvc/me/report/tests/Card/CardGraphicTest.php" tests="5" assertions="11" errors="0" warnings="0" failures="0" skipped="0" time="0.003871">
        <testcase name="testCreateCardGraphic" class="App\Test\Card\CardGraphicTest" classname="App.Test.Card.CardGraphicTest" file="/home/rebeckacorell/dbwebb-kurser/mvc/me/report/tests/Card/CardGraphicTest.php" line="17" assertions="3" time="0.002272"/>
        <testcase name="testGetCardHeart" class="App\Test\Card\CardGraphicTest" classname="App.Test.Card.CardGraphicTest" file="/home/rebeckacorell/dbwebb-kurser/mvc/me/report/tests/Card/CardGraphicTest.php" line="32" assertions="2" time="0.000440"/>
        <testcase name="testGetCardClub" class="App\Test\Card\CardGraphicTest" classname="App.Test.Card.CardGraphicTest" file="/home/rebeckacorell/dbwebb-kurser/mvc/me/report/tests/Card/CardGraphicTest.php" line="45" assertions="2" time="0.000414"/>
        <testcase name="testGetCardDiamond" class="App\Test\Card\CardGraphicTest" classname="App.Test.Card.CardGraphicTest" file="/home/rebeckacorell/dbwebb-kurser/mvc/me/report/tests/Card/CardGraphicTest.php" line="58" assertions="2" time="0.000382"/>
        <testcase name="testGetCardSpade" class="App\Test\Card\CardGraphicTest" classname="App.Test.Card.CardGraphicTest" file="/home/rebeckacorell/dbwebb-kurser/mvc/me/report/tests/Card/CardGraphicTest.php" line="71" assertions="2" time="0.000363"/>
      </testsuite>
      <testsuite name="App\Test\Card\CardHandTest" file="/home/rebeckacorell/dbwebb-kurser/mvc/me/report/tests/Card/CardHandTest.php" tests="4" assertions="14" errors="0" warnings="0" failures="0" skipped="0" time="0.004096">
        <testcase name="testCreateCardHand" class="App\Test\Card\CardHandTest" classname="App.Test.Card.CardHandTest" file="/home/rebeckacorell/dbwebb-kurser/mvc/me/report/tests/Card/CardHandTest.php" line="18" assertions="1" time="0.000458"/>
        <testcase name="testDrawCard" class="App\Test\Card\CardHandTest" classname="App.Test.Card.CardHandTest" file="/home/rebeckacorell/dbwebb-kurser/mvc/me/report/tests/Card/CardHandTest.php" line="29" assertions="4" time="0.000597"/>
        <testcase name="testDrawCardMore" class="App\Test\Card\CardHandTest" classname="App.Test.Card.CardHandTest" file="/home/rebeckacorell/dbwebb-kurser/mvc/me/report/tests/Card/CardHandTest.php" line="47" assertions="4" time="0.001008"/>
        <testcase name="testDrawCardToMany" class="App\Test\Card\CardHandTest" classname="App.Test.Card.CardHandTest" file="/home/rebeckacorell/dbwebb-kurser/mvc/me/report/tests/Card/CardHandTest.php" line="65" assertions="5" time="0.002033"/>
      </testsuite>
      <testsuite name="App\Test\Card\CardTest" file="/home/rebeckacorell/dbwebb-kurser/mvc/me/report/tests/Card/CardTest.php" tests="2" assertions="5" errors="0" warnings="0" failures="0" skipped="0" time="0.000772">
        <testcase name="testCreateCard" class="App\Test\Card\CardTest" classname="App.Test.Card.CardTest" file="/home/rebeckacorell/dbwebb-kurser/mvc/me/report/tests/Card/CardTest.php" line="17" assertions="3" time="0.000375"/>
        <testcase name="testGetCard" class="App\Test\Card\CardTest" classname="App.Test.Card.CardTest" file="/home/rebeckacorell/dbwebb-kurser/mvc/me/report/tests/Card/CardTest.php" line="32" assertions="2" time="0.000397"/>
      </testsuite>
      <testsuite name="App\Test\Card\DeckOfCardsTest" file="/home/rebeckacorell/dbwebb-kurser/mvc/me/report/tests/Card/DeckOfCardsTest.php" tests="3" assertions="8" errors="0" warnings="0" failures="0" skipped="0" time="0.003142">
        <testcase name="testCreateDeckOfCards" class="App\Test\Card\DeckOfCardsTest" classname="App.Test.Card.DeckOfCardsTest" file="/home/rebeckacorell/dbwebb-kurser/mvc/me/report/tests/Card/DeckOfCardsTest.php" line="17" assertions="3" time="0.001934"/>
        <testcase name="testGetNumOfCard" class="App\Test\Card\DeckOfCardsTest" classname="App.Test.Card.DeckOfCardsTest" file="/home/rebeckacorell/dbwebb-kurser/mvc/me/report/tests/Card/DeckOfCardsTest.php" line="32" assertions="3" time="0.000649"/>
        <testcase name="testDrawCard" class="App\Test\Card\DeckOfCardsTest" classname="App.Test.Card.DeckOfCardsTest" file="/home/rebeckacorell/dbwebb-kurser/mvc/me/report/tests/Card/DeckOfCardsTest.php" line="50" assertions="2" time="0.000559"/>
      </testsuite>
      <testsuite name="App\Test\Card\PlayerCardHandTest" file="/home/rebeckacorell/dbwebb-kurser/mvc/me/report/tests/Card/PlayerCardHandTest.php" tests="4" assertions="7" errors="0" warnings="0" failures="0" skipped="0" time="0.003729">
        <testcase name="testCreatePlayerCardHand" class="App\Test\Card\PlayerCardHandTest" classname="App.Test.Card.PlayerCardHandTest" file="/home/rebeckacorell/dbwebb-kurser/mvc/me/report/tests/Card/PlayerCardHandTest.php" line="18" assertions="1" time="0.001416"/>
        <testcase name="testDrawPlayerCard" class="App\Test\Card\PlayerCardHandTest" classname="App.Test.Card.PlayerCardHandTest" file="/home/rebeckacorell/dbwebb-kurser/mvc/me/report/tests/Card/PlayerCardHandTest.php" line="29" assertions="2" time="0.000764"/>
        <testcase name="testTotalPoints" class="App\Test\Card\PlayerCardHandTest" classname="App.Test.Card.PlayerCardHandTest" file="/home/rebeckacorell/dbwebb-kurser/mvc/me/report/tests/Card/PlayerCardHandTest.php" line="46" assertions="2" time="0.000708"/>
        <testcase name="testaddPoints" class="App\Test\Card\PlayerCardHandTest" classname="App.Test.Card.PlayerCardHandTest" file="/home/rebeckacorell/dbwebb-kurser/mvc/me/report/tests/Card/PlayerCardHandTest.php" line="64" assertions="2" time="0.000841"/>
      </testsuite>
      <testsuite name="App\Test\Controller\AppControllerJsonTest" file="/home/rebeckacorell/dbwebb-kurser/mvc/me/report/tests/Controller/AppControllerJsonTest.php" tests="7" assertions="7" errors="0" warnings="0" failures="0" skipped="0" time="0.642535">
        <testcase name="testJsonQuote" class="App\Test\Controller\AppControllerJsonTest" classname="App.Test.Controller.AppControllerJsonTest" file="/home/rebeckacorell/dbwebb-kurser/mvc/me/report/tests/Controller/AppControllerJsonTest.php" line="15" assertions="1" time="0.526384"/>
        <testcase name="testJsonDeck" class="App\Test\Controller\AppControllerJsonTest" classname="App.Test.Controller.AppControllerJsonTest" file="/home/rebeckacorell/dbwebb-kurser/mvc/me/report/tests/Controller/AppControllerJsonTest.php" line="27" assertions="1" time="0.041377"/>
        <testcase name="testJsonShuffle" class="App\Test\Controller\AppControllerJsonTest" classname="App.Test.Controller.AppControllerJsonTest" file="/home/rebeckacorell/dbwebb-kurser/mvc/me/report/tests/Controller/AppControllerJsonTest.php" line="38" assertions="1" time="0.012811"/>
        <testcase name="testJsonDraw" class="App\Test\Controller\AppControllerJsonTest" classname="App.Test.Controller.AppControllerJsonTest" file="/home/rebeckacorell/dbwebb-kurser/mvc/me/report/tests/Controller/AppControllerJsonTest.php" line="50" assertions="1" time="0.011749"/>
        <testcase name="testJsonDrawMore" class="App\Test\Controller\AppControllerJsonTest" classname="App.Test.Controller.AppControllerJsonTest" file="/home/rebeckacorell/dbwebb-kurser/mvc/me/report/tests/Controller/AppControllerJsonTest.php" line="62" assertions="1" time="0.019351"/>
        <testcase name="testJsonDrawMoreMax" class="App\Test\Controller\AppControllerJsonTest" classname="App.Test.Controller.AppControllerJsonTest" file="/home/rebeckacorell/dbwebb-kurser/mvc/me/report/tests/Controller/AppControllerJsonTest.php" line="74" assertions="1" time="0.017361"/>
        <testcase name="testJsonGame" class="App\Test\Controller\AppControllerJsonTest" classname="App.Test.Controller.AppControllerJsonTest" file="/home/rebeckacorell/dbwebb-kurser/mvc/me/report/tests/Controller/AppControllerJsonTest.php" line="86" assertions="1" time="0.013502"/>
      </testsuite>
      <testsuite name="App\Test\Controller\AppControllerTwigTest" file="/home/rebeckacorell/dbwebb-kurser/mvc/me/report/tests/Controller/AppControllerTwigTest.php" tests="6" assertions="6" errors="0" warnings="0" failures="0" skipped="0" time="0.180565">
        <testcase name="testHome" class="App\Test\Controller\AppControllerTwigTest" classname="App.Test.Controller.AppControllerTwigTest" file="/home/rebeckacorell/dbwebb-kurser/mvc/me/report/tests/Controller/AppControllerTwigTest.php" line="13" assertions="1" time="0.076749"/>
        <testcase name="testAbout" class="App\Test\Controller\AppControllerTwigTest" classname="App.Test.Controller.AppControllerTwigTest" file="/home/rebeckacorell/dbwebb-kurser/mvc/me/report/tests/Controller/AppControllerTwigTest.php" line="29" assertions="1" time="0.018657"/>
        <testcase name="testReport" class="App\Test\Controller\AppControllerTwigTest" classname="App.Test.Controller.AppControllerTwigTest" file="/home/rebeckacorell/dbwebb-kurser/mvc/me/report/tests/Controller/AppControllerTwigTest.php" line="45" assertions="1" time="0.028502"/>
        <testcase name="testLucky" class="App\Test\Controller\AppControllerTwigTest" classname="App.Test.Controller.AppControllerTwigTest" file="/home/rebeckacorell/dbwebb-kurser/mvc/me/report/tests/Controller/AppControllerTwigTest.php" line="61" assertions="1" time="0.016785"/>
        <testcase name="testApi" class="App\Test\Controller\AppControllerTwigTest" classname="App.Test.Controller.AppControllerTwigTest" file="/home/rebeckacorell/dbwebb-kurser/mvc/me/report/tests/Controller/AppControllerTwigTest.php" line="77" assertions="1" time="0.018075"/>
        <testcase name="testMetrics" class="App\Test\Controller\AppControllerTwigTest" classname="App.Test.Controller.AppControllerTwigTest" file="/home/rebeckacorell/dbwebb-kurser/mvc/me/report/tests/Controller/AppControllerTwigTest.php" line="93" assertions="1" time="0.021796"/>
      </testsuite>
      <testsuite name="App\Test\Controller\CardGameControllerTest" file="/home/rebeckacorell/dbwebb-kurser/mvc/me/report/tests/Controller/CardGameControllerTest.php" tests="10" assertions="11" errors="0" warnings="0" failures="0" skipped="0" time="0.483219">
        <testcase name="testSession" class="App\Test\Controller\CardGameControllerTest" classname="App.Test.Controller.CardGameControllerTest" file="/home/rebeckacorell/dbwebb-kurser/mvc/me/report/tests/Controller/CardGameControllerTest.php" line="13" assertions="2" time="0.039730"/>
        <testcase name="testCard" class="App\Test\Controller\CardGameControllerTest" classname="App.Test.Controller.CardGameControllerTest" file="/home/rebeckacorell/dbwebb-kurser/mvc/me/report/tests/Controller/CardGameControllerTest.php" line="33" assertions="1" time="0.021288"/>
        <testcase name="testDeckNoSession" class="App\Test\Controller\CardGameControllerTest" classname="App.Test.Controller.CardGameControllerTest" file="/home/rebeckacorell/dbwebb-kurser/mvc/me/report/tests/Controller/CardGameControllerTest.php" line="49" assertions="1" time="0.026955"/>
        <testcase name="testDeck" class="App\Test\Controller\CardGameControllerTest" classname="App.Test.Controller.CardGameControllerTest" file="/home/rebeckacorell/dbwebb-kurser/mvc/me/report/tests/Controller/CardGameControllerTest.php" line="65" assertions="1" time="0.054976"/>
        <testcase name="testShuffleNoSession" class="App\Test\Controller\CardGameControllerTest" classname="App.Test.Controller.CardGameControllerTest" file="/home/rebeckacorell/dbwebb-kurser/mvc/me/report/tests/Controller/CardGameControllerTest.php" line="82" assertions="1" time="0.035535"/>
        <testcase name="testShuffle" class="App\Test\Controller\CardGameControllerTest" classname="App.Test.Controller.CardGameControllerTest" file="/home/rebeckacorell/dbwebb-kurser/mvc/me/report/tests/Controller/CardGameControllerTest.php" line="98" assertions="1" time="0.054808"/>
        <testcase name="testDrawNoSession" class="App\Test\Controller\CardGameControllerTest" classname="App.Test.Controller.CardGameControllerTest" file="/home/rebeckacorell/dbwebb-kurser/mvc/me/report/tests/Controller/CardGameControllerTest.php" line="115" assertions="1" time="0.032468"/>
        <testcase name="testDraw" class="App\Test\Controller\CardGameControllerTest" classname="App.Test.Controller.CardGameControllerTest" file="/home/rebeckacorell/dbwebb-kurser/mvc/me/report/tests/Controller/CardGameControllerTest.php" line="131" assertions="1" time="0.074386"/>
        <testcase name="testDrawManyNoSession" class="App\Test\Controller\CardGameControllerTest" classname="App.Test.Controller.CardGameControllerTest" file="/home/rebeckacorell/dbwebb-kurser/mvc/me/report/tests/Controller/CardGameControllerTest.php" line="148" assertions="1" time="0.028870"/>
        <testcase name="testDrawMany" class="App\Test\Controller\CardGameControllerTest" classname="App.Test.Controller.CardGameControllerTest" file="/home/rebeckacorell/dbwebb-kurser/mvc/me/report/tests/Controller/CardGameControllerTest.php" line="164" assertions="1" time="0.114203"/>
      </testsuite>
      <testsuite name="App\Test\Controller\DiceeControllerTest" file="/home/rebeckacorell/dbwebb-kurser/mvc/me/report/tests/Controller/DiceControllerTest.php" tests="10" assertions="13" errors="0" warnings="0" failures="0" skipped="0" time="0.249820">
        <testcase name="testHome" class="App\Test\Controller\DiceeControllerTest" classname="App.Test.Controller.DiceeControllerTest" file="/home/rebeckacorell/dbwebb-kurser/mvc/me/report/tests/Controller/DiceControllerTest.php" line="13" assertions="1" time="0.019663"/>
        <testcase name="testRollDice" class="App\Test\Controller\DiceeControllerTest" classname="App.Test.Controller.DiceeControllerTest" file="/home/rebeckacorell/dbwebb-kurser/mvc/me/report/tests/Controller/DiceControllerTest.php" line="29" assertions="1" time="0.019286"/>
        <testcase name="testTestRollDices" class="App\Test\Controller\DiceeControllerTest" classname="App.Test.Controller.DiceeControllerTest" file="/home/rebeckacorell/dbwebb-kurser/mvc/me/report/tests/Controller/DiceControllerTest.php" line="45" assertions="1" time="0.026818"/>
        <testcase name="testRollDicesTooMany" class="App\Test\Controller\DiceeControllerTest" classname="App.Test.Controller.DiceeControllerTest" file="/home/rebeckacorell/dbwebb-kurser/mvc/me/report/tests/Controller/DiceControllerTest.php" line="61" assertions="1" time="0.016998"/>
        <testcase name="testTestDiceHand" class="App\Test\Controller\DiceeControllerTest" classname="App.Test.Controller.DiceeControllerTest" file="/home/rebeckacorell/dbwebb-kurser/mvc/me/report/tests/Controller/DiceControllerTest.php" line="77" assertions="1" time="0.040383"/>
        <testcase name="testInit" class="App\Test\Controller\DiceeControllerTest" classname="App.Test.Controller.DiceeControllerTest" file="/home/rebeckacorell/dbwebb-kurser/mvc/me/report/tests/Controller/DiceControllerTest.php" line="93" assertions="1" time="0.016723"/>
        <testcase name="testInitPost" class="App\Test\Controller\DiceeControllerTest" classname="App.Test.Controller.DiceeControllerTest" file="/home/rebeckacorell/dbwebb-kurser/mvc/me/report/tests/Controller/DiceControllerTest.php" line="109" assertions="2" time="0.017185"/>
        <testcase name="testPlay" class="App\Test\Controller\DiceeControllerTest" classname="App.Test.Controller.DiceeControllerTest" file="/home/rebeckacorell/dbwebb-kurser/mvc/me/report/tests/Controller/DiceControllerTest.php" line="127" assertions="1" time="0.037649"/>
        <testcase name="testRoll" class="App\Test\Controller\DiceeControllerTest" classname="App.Test.Controller.DiceeControllerTest" file="/home/rebeckacorell/dbwebb-kurser/mvc/me/report/tests/Controller/DiceControllerTest.php" line="146" assertions="2" time="0.029421"/>
        <testcase name="testSave" class="App\Test\Controller\DiceeControllerTest" classname="App.Test.Controller.DiceeControllerTest" file="/home/rebeckacorell/dbwebb-kurser/mvc/me/report/tests/Controller/DiceControllerTest.php" line="165" assertions="2" time="0.025696"/>
      </testsuite>
      <testsuite name="App\Test\Controller\LibraryControllerTest" file="/home/rebeckacorell/dbwebb-kurser/mvc/me/report/tests/Controller/LibraryControllerTest.php" tests="1" assertions="1" errors="0" warnings="0" failures="0" skipped="0" time="0.143404">
        <testcase name="testIndex" class="App\Test\Controller\LibraryControllerTest" classname="App.Test.Controller.LibraryControllerTest" file="/home/rebeckacorell/dbwebb-kurser/mvc/me/report/tests/Controller/LibraryControllerTest.php" line="15" assertions="1" time="0.143404"/>
      </testsuite>
      <testsuite name="App\Test\Controller\ProjectControllerTest" file="/home/rebeckacorell/dbwebb-kurser/mvc/me/report/tests/Controller/ProjectControllerTest.php" tests="8" assertions="10" errors="0" warnings="0" failures="0" skipped="0" time="3.022141">
        <testcase name="testAbout" class="App\Test\Controller\ProjectControllerTest" classname="App.Test.Controller.ProjectControllerTest" file="/home/rebeckacorell/dbwebb-kurser/mvc/me/report/tests/Controller/ProjectControllerTest.php" line="15" assertions="1" time="0.032561"/>
        <testcase name="testProj" class="App\Test\Controller\ProjectControllerTest" classname="App.Test.Controller.ProjectControllerTest" file="/home/rebeckacorell/dbwebb-kurser/mvc/me/report/tests/Controller/ProjectControllerTest.php" line="32" assertions="1" time="0.043251"/>
        <testcase name="testSquareBoard" class="App\Test\Controller\ProjectControllerTest" classname="App.Test.Controller.ProjectControllerTest" file="/home/rebeckacorell/dbwebb-kurser/mvc/me/report/tests/Controller/ProjectControllerTest.php" line="49" assertions="1" time="2.717951"/>
        <testcase name="testSquareBoardPost" class="App\Test\Controller\ProjectControllerTest" classname="App.Test.Controller.ProjectControllerTest" file="/home/rebeckacorell/dbwebb-kurser/mvc/me/report/tests/Controller/ProjectControllerTest.php" line="70" assertions="2" time="0.040232"/>
        <testcase name="testSquareBoardPostCardsFull" class="App\Test\Controller\ProjectControllerTest" classname="App.Test.Controller.ProjectControllerTest" file="/home/rebeckacorell/dbwebb-kurser/mvc/me/report/tests/Controller/ProjectControllerTest.php" line="94" assertions="2" time="0.033209"/>
        <testcase name="testSquareBoardFinishedCardsNotFilled" class="App\Test\Controller\ProjectControllerTest" classname="App.Test.Controller.ProjectControllerTest" file="/home/rebeckacorell/dbwebb-kurser/mvc/me/report/tests/Controller/ProjectControllerTest.php" line="118" assertions="1" time="0.056500"/>
        <testcase name="testSquareBoardFinishedCardsFilled" class="App\Test\Controller\ProjectControllerTest" classname="App.Test.Controller.ProjectControllerTest" file="/home/rebeckacorell/dbwebb-kurser/mvc/me/report/tests/Controller/ProjectControllerTest.php" line="136" assertions="1" time="0.047081"/>
        <testcase name="testApi" class="App\Test\Controller\ProjectControllerTest" classname="App.Test.Controller.ProjectControllerTest" file="/home/rebeckacorell/dbwebb-kurser/mvc/me/report/tests/Controller/ProjectControllerTest.php" line="154" assertions="1" time="0.051357"/>
      </testsuite>
      <testsuite name="App\Test\Controller\TwentyOneGameControllerTest" file="/home/rebeckacorell/dbwebb-kurser/mvc/me/report/tests/Controller/TwentyOneGameControllerTest.php" tests="7" assertions="7" errors="0" warnings="0" failures="0" skipped="0" time="0.299708">
        <testcase name="testGame" class="App\Test\Controller\TwentyOneGameControllerTest" classname="App.Test.Controller.TwentyOneGameControllerTest" file="/home/rebeckacorell/dbwebb-kurser/mvc/me/report/tests/Controller/TwentyOneGameControllerTest.php" line="14" assertions="1" time="0.023880"/>
        <testcase name="testDoc" class="App\Test\Controller\TwentyOneGameControllerTest" classname="App.Test.Controller.TwentyOneGameControllerTest" file="/home/rebeckacorell/dbwebb-kurser/mvc/me/report/tests/Controller/TwentyOneGameControllerTest.php" line="30" assertions="1" time="0.020029"/>
        <testcase name="testBoard" class="App\Test\Controller\TwentyOneGameControllerTest" classname="App.Test.Controller.TwentyOneGameControllerTest" file="/home/rebeckacorell/dbwebb-kurser/mvc/me/report/tests/Controller/TwentyOneGameControllerTest.php" line="46" assertions="1" time="0.028529"/>
        <testcase name="testBoardDrawn" class="App\Test\Controller\TwentyOneGameControllerTest" classname="App.Test.Controller.TwentyOneGameControllerTest" file="/home/rebeckacorell/dbwebb-kurser/mvc/me/report/tests/Controller/TwentyOneGameControllerTest.php" line="62" assertions="1" time="0.044006"/>
        <testcase name="testBoardEss" class="App\Test\Controller\TwentyOneGameControllerTest" classname="App.Test.Controller.TwentyOneGameControllerTest" file="/home/rebeckacorell/dbwebb-kurser/mvc/me/report/tests/Controller/TwentyOneGameControllerTest.php" line="121" assertions="1" time="0.048757"/>
        <testcase name="testBoardlost" class="App\Test\Controller\TwentyOneGameControllerTest" classname="App.Test.Controller.TwentyOneGameControllerTest" file="/home/rebeckacorell/dbwebb-kurser/mvc/me/report/tests/Controller/TwentyOneGameControllerTest.php" line="138" assertions="1" time="0.063081"/>
        <testcase name="testBoardEnd" class="App\Test\Controller\TwentyOneGameControllerTest" classname="App.Test.Controller.TwentyOneGameControllerTest" file="/home/rebeckacorell/dbwebb-kurser/mvc/me/report/tests/Controller/TwentyOneGameControllerTest.php" line="155" assertions="1" time="0.071426"/>
      </testsuite>
      <testsuite name="App\Test\Dice\DiceGraphicTest" file="/home/rebeckacorell/dbwebb-kurser/mvc/me/report/tests/Dice/DiceGraphicTest.php" tests="1" assertions="2" errors="0" warnings="0" failures="0" skipped="0" time="0.000474">
        <testcase name="testCreateDice" class="App\Test\Dice\DiceGraphicTest" classname="App.Test.Dice.DiceGraphicTest" file="/home/rebeckacorell/dbwebb-kurser/mvc/me/report/tests/Dice/DiceGraphicTest.php" line="17" assertions="2" time="0.000474"/>
      </testsuite>
      <testsuite name="App\Test\Dice\DiceHandTest" file="/home/rebeckacorell/dbwebb-kurser/mvc/me/report/tests/Dice/DiceHandTest.php" tests="4" assertions="6" errors="0" warnings="0" failures="0" skipped="0" time="0.003697">
        <testcase name="testAddStubbedDices" class="App\Test\Dice\DiceHandTest" classname="App.Test.Dice.DiceHandTest" file="/home/rebeckacorell/dbwebb-kurser/mvc/me/report/tests/Dice/DiceHandTest.php" line="17" assertions="1" time="0.001428"/>
        <testcase name="testGetNumberDices" class="App\Test\Dice\DiceHandTest" classname="App.Test.Dice.DiceHandTest" file="/home/rebeckacorell/dbwebb-kurser/mvc/me/report/tests/Dice/DiceHandTest.php" line="39" assertions="1" time="0.000539"/>
        <testcase name="testAddDicesMixed" class="App\Test\Dice\DiceHandTest" classname="App.Test.Dice.DiceHandTest" file="/home/rebeckacorell/dbwebb-kurser/mvc/me/report/tests/Dice/DiceHandTest.php" line="56" assertions="1" time="0.000466"/>
        <testcase name="testGetValues" class="App\Test\Dice\DiceHandTest" classname="App.Test.Dice.DiceHandTest" file="/home/rebeckacorell/dbwebb-kurser/mvc/me/report/tests/Dice/DiceHandTest.php" line="67" assertions="3" time="0.001264"/>
      </testsuite>
      <testsuite name="App\Test\Dice\DiceTest" file="/home/rebeckacorell/dbwebb-kurser/mvc/me/report/tests/Dice/DiceTest.php" tests="2" assertions="5" errors="0" warnings="0" failures="0" skipped="0" time="0.000781">
        <testcase name="testCreateDice" class="App\Test\Dice\DiceTest" classname="App.Test.Dice.DiceTest" file="/home/rebeckacorell/dbwebb-kurser/mvc/me/report/tests/Dice/DiceTest.php" line="17" assertions="2" time="0.000388"/>
        <testcase name="testRoll" class="App\Test\Dice\DiceTest" classname="App.Test.Dice.DiceTest" file="/home/rebeckacorell/dbwebb-kurser/mvc/me/report/tests/Dice/DiceTest.php" line="29" assertions="3" time="0.000393"/>
      </testsuite>
      <testsuite name="App\Test\Entity\LibraryTest" file="/home/rebeckacorell/dbwebb-kurser/mvc/me/report/tests/Entity/LibraryTest.php" tests="6" assertions="17" errors="0" warnings="0" failures="0" skipped="0" time="0.002277">
        <testcase name="testId" class="App\Test\Entity\LibraryTest" classname="App.Test.Entity.LibraryTest" file="/home/rebeckacorell/dbwebb-kurser/mvc/me/report/tests/Entity/LibraryTest.php" line="16" assertions="2" time="0.000285"/>
        <testcase name="testTitle" class="App\Test\Entity\LibraryTest" classname="App.Test.Entity.LibraryTest" file="/home/rebeckacorell/dbwebb-kurser/mvc/me/report/tests/Entity/LibraryTest.php" line="28" assertions="3" time="0.000317"/>
        <testcase name="testIsbn" class="App\Test\Entity\LibraryTest" classname="App.Test.Entity.LibraryTest" file="/home/rebeckacorell/dbwebb-kurser/mvc/me/report/tests/Entity/LibraryTest.php" line="44" assertions="3" time="0.000551"/>
        <testcase name="testAuthor" class="App\Test\Entity\LibraryTest" classname="App.Test.Entity.LibraryTest" file="/home/rebeckacorell/dbwebb-kurser/mvc/me/report/tests/Entity/LibraryTest.php" line="60" assertions="3" time="0.000346"/>
        <testcase name="testImgLink" class="App\Test\Entity\LibraryTest" classname="App.Test.Entity.LibraryTest" file="/home/rebeckacorell/dbwebb-kurser/mvc/me/report/tests/Entity/LibraryTest.php" line="76" assertions="3" time="0.000321"/>
        <testcase name="testDetails" class="App\Test\Entity\LibraryTest" classname="App.Test.Entity.LibraryTest" file="/home/rebeckacorell/dbwebb-kurser/mvc/me/report/tests/Entity/LibraryTest.php" line="92" assertions="3" time="0.000457"/>
      </testsuite>
      <testsuite name="App\Test\Project\TableTest" file="/home/rebeckacorell/dbwebb-kurser/mvc/me/report/tests/Project/TableTest.php" tests="4" assertions="6" errors="0" warnings="0" failures="0" skipped="0" time="0.004492">
        <testcase name="testCreateTable" class="App\Test\Project\TableTest" classname="App.Test.Project.TableTest" file="/home/rebeckacorell/dbwebb-kurser/mvc/me/report/tests/Project/TableTest.php" line="18" assertions="1" time="0.000522"/>
        <testcase name="testInsertCard" class="App\Test\Project\TableTest" classname="App.Test.Project.TableTest" file="/home/rebeckacorell/dbwebb-kurser/mvc/me/report/tests/Project/TableTest.php" line="27" assertions="1" time="0.000611"/>
        <testcase name="testGetTable" class="App\Test\Project\TableTest" classname="App.Test.Project.TableTest" file="/home/rebeckacorell/dbwebb-kurser/mvc/me/report/tests/Project/TableTest.php" line="44" assertions="2" time="0.001023"/>
        <testcase name="testCalculateScore" class="App\Test\Project\TableTest" classname="App.Test.Project.TableTest" file="/home/rebeckacorell/dbwebb-kurser/mvc/me/report/tests/Project/TableTest.php" line="64" assertions="2" time="0.002336"/>
      </testsuite>
    </testsuite>
  </testsuite>
</testsuites>
