<?xml version="1.0" encoding="UTF-8"?>
<testsuites>
  <testsuite name="" tests="77" assertions="120" errors="0" warnings="0" failures="0" skipped="0" time="5.100610">
    <testsuite name="Project Test Suite" tests="77" assertions="120" errors="0" warnings="0" failures="0" skipped="0" time="5.100610">
      <testsuite name="App\Test\Card\BankCardHandTest" file="/home/rebeckacorell/dbwebb-kurser/mvc/me/report/tests/Card/BankCardHandTest.php" tests="4" assertions="7" errors="0" warnings="0" failures="0" skipped="0" time="0.031745">
        <testcase name="testCreateBankCardHand" class="App\Test\Card\BankCardHandTest" classname="App.Test.Card.BankCardHandTest" file="/home/rebeckacorell/dbwebb-kurser/mvc/me/report/tests/Card/BankCardHandTest.php" line="18" assertions="1" time="0.021559"/>
        <testcase name="testPlayGame" class="App\Test\Card\BankCardHandTest" classname="App.Test.Card.BankCardHandTest" file="/home/rebeckacorell/dbwebb-kurser/mvc/me/report/tests/Card/BankCardHandTest.php" line="29" assertions="2" time="0.008491"/>
        <testcase name="testTotalPoints" class="App\Test\Card\BankCardHandTest" classname="App.Test.Card.BankCardHandTest" file="/home/rebeckacorell/dbwebb-kurser/mvc/me/report/tests/Card/BankCardHandTest.php" line="46" assertions="2" time="0.001196"/>
        <testcase name="testaddPoints" class="App\Test\Card\BankCardHandTest" classname="App.Test.Card.BankCardHandTest" file="/home/rebeckacorell/dbwebb-kurser/mvc/me/report/tests/Card/BankCardHandTest.php" line="64" assertions="2" time="0.000498"/>
      </testsuite>
      <testsuite name="App\Test\Card\CardGraphicTest" file="/home/rebeckacorell/dbwebb-kurser/mvc/me/report/tests/Card/CardGraphicTest.php" tests="5" assertions="11" errors="0" warnings="0" failures="0" skipped="0" time="0.004200">
        <testcase name="testCreateCardGraphic" class="App\Test\Card\CardGraphicTest" classname="App.Test.Card.CardGraphicTest" file="/home/rebeckacorell/dbwebb-kurser/mvc/me/report/tests/Card/CardGraphicTest.php" line="18" assertions="3" time="0.002901"/>
        <testcase name="testGetCardHeart" class="App\Test\Card\CardGraphicTest" classname="App.Test.Card.CardGraphicTest" file="/home/rebeckacorell/dbwebb-kurser/mvc/me/report/tests/Card/CardGraphicTest.php" line="33" assertions="2" time="0.000397"/>
        <testcase name="testGetCardClub" class="App\Test\Card\CardGraphicTest" classname="App.Test.Card.CardGraphicTest" file="/home/rebeckacorell/dbwebb-kurser/mvc/me/report/tests/Card/CardGraphicTest.php" line="46" assertions="2" time="0.000310"/>
        <testcase name="testGetCardDiamond" class="App\Test\Card\CardGraphicTest" classname="App.Test.Card.CardGraphicTest" file="/home/rebeckacorell/dbwebb-kurser/mvc/me/report/tests/Card/CardGraphicTest.php" line="59" assertions="2" time="0.000286"/>
        <testcase name="testGetCardSpade" class="App\Test\Card\CardGraphicTest" classname="App.Test.Card.CardGraphicTest" file="/home/rebeckacorell/dbwebb-kurser/mvc/me/report/tests/Card/CardGraphicTest.php" line="72" assertions="2" time="0.000306"/>
      </testsuite>
      <testsuite name="App\Test\Card\CardHandTest" file="/home/rebeckacorell/dbwebb-kurser/mvc/me/report/tests/Card/CardHandTest.php" tests="3" assertions="5" errors="0" warnings="0" failures="0" skipped="0" time="0.001566">
        <testcase name="testCreateCardHand" class="App\Test\Card\CardHandTest" classname="App.Test.Card.CardHandTest" file="/home/rebeckacorell/dbwebb-kurser/mvc/me/report/tests/Card/CardHandTest.php" line="18" assertions="1" time="0.000403"/>
        <testcase name="testDrawCard" class="App\Test\Card\CardHandTest" classname="App.Test.Card.CardHandTest" file="/home/rebeckacorell/dbwebb-kurser/mvc/me/report/tests/Card/CardHandTest.php" line="29" assertions="2" time="0.000631"/>
        <testcase name="testDrawSpecificCard" class="App\Test\Card\CardHandTest" classname="App.Test.Card.CardHandTest" file="/home/rebeckacorell/dbwebb-kurser/mvc/me/report/tests/Card/CardHandTest.php" line="46" assertions="2" time="0.000532"/>
      </testsuite>
      <testsuite name="App\Test\Card\CardTest" file="/home/rebeckacorell/dbwebb-kurser/mvc/me/report/tests/Card/CardTest.php" tests="2" assertions="5" errors="0" warnings="0" failures="0" skipped="0" time="0.000743">
        <testcase name="testCreateCard" class="App\Test\Card\CardTest" classname="App.Test.Card.CardTest" file="/home/rebeckacorell/dbwebb-kurser/mvc/me/report/tests/Card/CardTest.php" line="17" assertions="3" time="0.000394"/>
        <testcase name="testGetCard" class="App\Test\Card\CardTest" classname="App.Test.Card.CardTest" file="/home/rebeckacorell/dbwebb-kurser/mvc/me/report/tests/Card/CardTest.php" line="32" assertions="2" time="0.000349"/>
      </testsuite>
      <testsuite name="App\Test\Card\DeckOfCardsTest" file="/home/rebeckacorell/dbwebb-kurser/mvc/me/report/tests/Card/DeckOfCardsTest.php" tests="3" assertions="8" errors="0" warnings="0" failures="0" skipped="0" time="0.002431">
        <testcase name="testCreateDeckOfCards" class="App\Test\Card\DeckOfCardsTest" classname="App.Test.Card.DeckOfCardsTest" file="/home/rebeckacorell/dbwebb-kurser/mvc/me/report/tests/Card/DeckOfCardsTest.php" line="17" assertions="3" time="0.001494"/>
        <testcase name="testGetNumOfCard" class="App\Test\Card\DeckOfCardsTest" classname="App.Test.Card.DeckOfCardsTest" file="/home/rebeckacorell/dbwebb-kurser/mvc/me/report/tests/Card/DeckOfCardsTest.php" line="32" assertions="3" time="0.000499"/>
        <testcase name="testDrawCard" class="App\Test\Card\DeckOfCardsTest" classname="App.Test.Card.DeckOfCardsTest" file="/home/rebeckacorell/dbwebb-kurser/mvc/me/report/tests/Card/DeckOfCardsTest.php" line="50" assertions="2" time="0.000439"/>
      </testsuite>
      <testsuite name="App\Test\Card\PlayerCardHandTest" file="/home/rebeckacorell/dbwebb-kurser/mvc/me/report/tests/Card/PlayerCardHandTest.php" tests="4" assertions="7" errors="0" warnings="0" failures="0" skipped="0" time="0.003130">
        <testcase name="testCreatePlayerCardHand" class="App\Test\Card\PlayerCardHandTest" classname="App.Test.Card.PlayerCardHandTest" file="/home/rebeckacorell/dbwebb-kurser/mvc/me/report/tests/Card/PlayerCardHandTest.php" line="18" assertions="1" time="0.001513"/>
        <testcase name="testDrawPlayerCard" class="App\Test\Card\PlayerCardHandTest" classname="App.Test.Card.PlayerCardHandTest" file="/home/rebeckacorell/dbwebb-kurser/mvc/me/report/tests/Card/PlayerCardHandTest.php" line="29" assertions="2" time="0.000647"/>
        <testcase name="testTotalPoints" class="App\Test\Card\PlayerCardHandTest" classname="App.Test.Card.PlayerCardHandTest" file="/home/rebeckacorell/dbwebb-kurser/mvc/me/report/tests/Card/PlayerCardHandTest.php" line="46" assertions="2" time="0.000568"/>
        <testcase name="testaddPoints" class="App\Test\Card\PlayerCardHandTest" classname="App.Test.Card.PlayerCardHandTest" file="/home/rebeckacorell/dbwebb-kurser/mvc/me/report/tests/Card/PlayerCardHandTest.php" line="64" assertions="2" time="0.000402"/>
      </testsuite>
      <testsuite name="App\Test\Controller\AppControllerJsonTest" file="/home/rebeckacorell/dbwebb-kurser/mvc/me/report/tests/Controller/AppControllerJsonTest.php" tests="8" assertions="8" errors="0" warnings="0" failures="0" skipped="0" time="3.900825">
        <testcase name="testJsonQuote" class="App\Test\Controller\AppControllerJsonTest" classname="App.Test.Controller.AppControllerJsonTest" file="/home/rebeckacorell/dbwebb-kurser/mvc/me/report/tests/Controller/AppControllerJsonTest.php" line="15" assertions="1" time="3.686253"/>
        <testcase name="testJsonDeck" class="App\Test\Controller\AppControllerJsonTest" classname="App.Test.Controller.AppControllerJsonTest" file="/home/rebeckacorell/dbwebb-kurser/mvc/me/report/tests/Controller/AppControllerJsonTest.php" line="26" assertions="1" time="0.018899"/>
        <testcase name="testJsonShuffle" class="App\Test\Controller\AppControllerJsonTest" classname="App.Test.Controller.AppControllerJsonTest" file="/home/rebeckacorell/dbwebb-kurser/mvc/me/report/tests/Controller/AppControllerJsonTest.php" line="36" assertions="1" time="0.016415"/>
        <testcase name="testJsonDraw" class="App\Test\Controller\AppControllerJsonTest" classname="App.Test.Controller.AppControllerJsonTest" file="/home/rebeckacorell/dbwebb-kurser/mvc/me/report/tests/Controller/AppControllerJsonTest.php" line="47" assertions="1" time="0.012528"/>
        <testcase name="testJsonDrawMore" class="App\Test\Controller\AppControllerJsonTest" classname="App.Test.Controller.AppControllerJsonTest" file="/home/rebeckacorell/dbwebb-kurser/mvc/me/report/tests/Controller/AppControllerJsonTest.php" line="58" assertions="1" time="0.024363"/>
        <testcase name="testJsonDrawMoreMax" class="App\Test\Controller\AppControllerJsonTest" classname="App.Test.Controller.AppControllerJsonTest" file="/home/rebeckacorell/dbwebb-kurser/mvc/me/report/tests/Controller/AppControllerJsonTest.php" line="69" assertions="1" time="0.013302"/>
        <testcase name="testJsonGame" class="App\Test\Controller\AppControllerJsonTest" classname="App.Test.Controller.AppControllerJsonTest" file="/home/rebeckacorell/dbwebb-kurser/mvc/me/report/tests/Controller/AppControllerJsonTest.php" line="80" assertions="1" time="0.011412"/>
        <testcase name="testSearchByIsbnApi" class="App\Test\Controller\AppControllerJsonTest" classname="App.Test.Controller.AppControllerJsonTest" file="/home/rebeckacorell/dbwebb-kurser/mvc/me/report/tests/Controller/AppControllerJsonTest.php" line="102" assertions="1" time="0.117653"/>
      </testsuite>
      <testsuite name="App\Test\Controller\AppControllerTwigTest" file="/home/rebeckacorell/dbwebb-kurser/mvc/me/report/tests/Controller/AppControllerTwigTest.php" tests="6" assertions="6" errors="0" warnings="0" failures="0" skipped="0" time="0.166077">
        <testcase name="testHome" class="App\Test\Controller\AppControllerTwigTest" classname="App.Test.Controller.AppControllerTwigTest" file="/home/rebeckacorell/dbwebb-kurser/mvc/me/report/tests/Controller/AppControllerTwigTest.php" line="13" assertions="1" time="0.073072"/>
        <testcase name="testAbout" class="App\Test\Controller\AppControllerTwigTest" classname="App.Test.Controller.AppControllerTwigTest" file="/home/rebeckacorell/dbwebb-kurser/mvc/me/report/tests/Controller/AppControllerTwigTest.php" line="24" assertions="1" time="0.020024"/>
        <testcase name="testReport" class="App\Test\Controller\AppControllerTwigTest" classname="App.Test.Controller.AppControllerTwigTest" file="/home/rebeckacorell/dbwebb-kurser/mvc/me/report/tests/Controller/AppControllerTwigTest.php" line="35" assertions="1" time="0.019224"/>
        <testcase name="testLucky" class="App\Test\Controller\AppControllerTwigTest" classname="App.Test.Controller.AppControllerTwigTest" file="/home/rebeckacorell/dbwebb-kurser/mvc/me/report/tests/Controller/AppControllerTwigTest.php" line="46" assertions="1" time="0.015834"/>
        <testcase name="testApi" class="App\Test\Controller\AppControllerTwigTest" classname="App.Test.Controller.AppControllerTwigTest" file="/home/rebeckacorell/dbwebb-kurser/mvc/me/report/tests/Controller/AppControllerTwigTest.php" line="57" assertions="1" time="0.016505"/>
        <testcase name="testMetrics" class="App\Test\Controller\AppControllerTwigTest" classname="App.Test.Controller.AppControllerTwigTest" file="/home/rebeckacorell/dbwebb-kurser/mvc/me/report/tests/Controller/AppControllerTwigTest.php" line="68" assertions="1" time="0.021417"/>
      </testsuite>
      <testsuite name="App\Test\Controller\CardGameControllerTest" file="/home/rebeckacorell/dbwebb-kurser/mvc/me/report/tests/Controller/CardGameControllerTest.php" tests="10" assertions="11" errors="0" warnings="0" failures="0" skipped="0" time="0.366379">
        <testcase name="testSession" class="App\Test\Controller\CardGameControllerTest" classname="App.Test.Controller.CardGameControllerTest" file="/home/rebeckacorell/dbwebb-kurser/mvc/me/report/tests/Controller/CardGameControllerTest.php" line="13" assertions="2" time="0.040533"/>
        <testcase name="testCard" class="App\Test\Controller\CardGameControllerTest" classname="App.Test.Controller.CardGameControllerTest" file="/home/rebeckacorell/dbwebb-kurser/mvc/me/report/tests/Controller/CardGameControllerTest.php" line="28" assertions="1" time="0.019296"/>
        <testcase name="testDeckNoSession" class="App\Test\Controller\CardGameControllerTest" classname="App.Test.Controller.CardGameControllerTest" file="/home/rebeckacorell/dbwebb-kurser/mvc/me/report/tests/Controller/CardGameControllerTest.php" line="39" assertions="1" time="0.025023"/>
        <testcase name="testDeck" class="App\Test\Controller\CardGameControllerTest" classname="App.Test.Controller.CardGameControllerTest" file="/home/rebeckacorell/dbwebb-kurser/mvc/me/report/tests/Controller/CardGameControllerTest.php" line="50" assertions="1" time="0.050147"/>
        <testcase name="testShuffleNoSession" class="App\Test\Controller\CardGameControllerTest" classname="App.Test.Controller.CardGameControllerTest" file="/home/rebeckacorell/dbwebb-kurser/mvc/me/report/tests/Controller/CardGameControllerTest.php" line="62" assertions="1" time="0.022885"/>
        <testcase name="testShuffle" class="App\Test\Controller\CardGameControllerTest" classname="App.Test.Controller.CardGameControllerTest" file="/home/rebeckacorell/dbwebb-kurser/mvc/me/report/tests/Controller/CardGameControllerTest.php" line="73" assertions="1" time="0.043388"/>
        <testcase name="testDrawNoSession" class="App\Test\Controller\CardGameControllerTest" classname="App.Test.Controller.CardGameControllerTest" file="/home/rebeckacorell/dbwebb-kurser/mvc/me/report/tests/Controller/CardGameControllerTest.php" line="85" assertions="1" time="0.024702"/>
        <testcase name="testDraw" class="App\Test\Controller\CardGameControllerTest" classname="App.Test.Controller.CardGameControllerTest" file="/home/rebeckacorell/dbwebb-kurser/mvc/me/report/tests/Controller/CardGameControllerTest.php" line="96" assertions="1" time="0.036675"/>
        <testcase name="testDrawManyNoSession" class="App\Test\Controller\CardGameControllerTest" classname="App.Test.Controller.CardGameControllerTest" file="/home/rebeckacorell/dbwebb-kurser/mvc/me/report/tests/Controller/CardGameControllerTest.php" line="108" assertions="1" time="0.023027"/>
        <testcase name="testDrawMany" class="App\Test\Controller\CardGameControllerTest" classname="App.Test.Controller.CardGameControllerTest" file="/home/rebeckacorell/dbwebb-kurser/mvc/me/report/tests/Controller/CardGameControllerTest.php" line="119" assertions="1" time="0.080703"/>
      </testsuite>
      <testsuite name="App\Test\Controller\DiceeControllerTest" file="/home/rebeckacorell/dbwebb-kurser/mvc/me/report/tests/Controller/DiceControllerTest.php" tests="9" assertions="12" errors="0" warnings="0" failures="0" skipped="0" time="0.217388">
        <testcase name="testHome" class="App\Test\Controller\DiceeControllerTest" classname="App.Test.Controller.DiceeControllerTest" file="/home/rebeckacorell/dbwebb-kurser/mvc/me/report/tests/Controller/DiceControllerTest.php" line="13" assertions="1" time="0.018747"/>
        <testcase name="testRollDice" class="App\Test\Controller\DiceeControllerTest" classname="App.Test.Controller.DiceeControllerTest" file="/home/rebeckacorell/dbwebb-kurser/mvc/me/report/tests/Controller/DiceControllerTest.php" line="24" assertions="1" time="0.016659"/>
        <testcase name="testTestRollDices" class="App\Test\Controller\DiceeControllerTest" classname="App.Test.Controller.DiceeControllerTest" file="/home/rebeckacorell/dbwebb-kurser/mvc/me/report/tests/Controller/DiceControllerTest.php" line="35" assertions="1" time="0.018580"/>
        <testcase name="testTestDiceHand" class="App\Test\Controller\DiceeControllerTest" classname="App.Test.Controller.DiceeControllerTest" file="/home/rebeckacorell/dbwebb-kurser/mvc/me/report/tests/Controller/DiceControllerTest.php" line="56" assertions="1" time="0.019312"/>
        <testcase name="testInit" class="App\Test\Controller\DiceeControllerTest" classname="App.Test.Controller.DiceeControllerTest" file="/home/rebeckacorell/dbwebb-kurser/mvc/me/report/tests/Controller/DiceControllerTest.php" line="67" assertions="1" time="0.018516"/>
        <testcase name="testInitPost" class="App\Test\Controller\DiceeControllerTest" classname="App.Test.Controller.DiceeControllerTest" file="/home/rebeckacorell/dbwebb-kurser/mvc/me/report/tests/Controller/DiceControllerTest.php" line="78" assertions="2" time="0.034971"/>
        <testcase name="testPlay" class="App\Test\Controller\DiceeControllerTest" classname="App.Test.Controller.DiceeControllerTest" file="/home/rebeckacorell/dbwebb-kurser/mvc/me/report/tests/Controller/DiceControllerTest.php" line="91" assertions="1" time="0.035196"/>
        <testcase name="testRoll" class="App\Test\Controller\DiceeControllerTest" classname="App.Test.Controller.DiceeControllerTest" file="/home/rebeckacorell/dbwebb-kurser/mvc/me/report/tests/Controller/DiceControllerTest.php" line="105" assertions="2" time="0.029393"/>
        <testcase name="testSave" class="App\Test\Controller\DiceeControllerTest" classname="App.Test.Controller.DiceeControllerTest" file="/home/rebeckacorell/dbwebb-kurser/mvc/me/report/tests/Controller/DiceControllerTest.php" line="119" assertions="2" time="0.026013"/>
      </testsuite>
      <testsuite name="App\Test\Controller\LibraryControllerTest" file="/home/rebeckacorell/dbwebb-kurser/mvc/me/report/tests/Controller/LibraryControllerTest.php" tests="4" assertions="5" errors="0" warnings="0" failures="0" skipped="0" time="0.163062">
        <testcase name="testIndex" class="App\Test\Controller\LibraryControllerTest" classname="App.Test.Controller.LibraryControllerTest" file="/home/rebeckacorell/dbwebb-kurser/mvc/me/report/tests/Controller/LibraryControllerTest.php" line="13" assertions="1" time="0.022318"/>
        <testcase name="testCreateBook" class="App\Test\Controller\LibraryControllerTest" classname="App.Test.Controller.LibraryControllerTest" file="/home/rebeckacorell/dbwebb-kurser/mvc/me/report/tests/Controller/LibraryControllerTest.php" line="24" assertions="1" time="0.051930"/>
        <testcase name="testCreateBookPost" class="App\Test\Controller\LibraryControllerTest" classname="App.Test.Controller.LibraryControllerTest" file="/home/rebeckacorell/dbwebb-kurser/mvc/me/report/tests/Controller/LibraryControllerTest.php" line="36" assertions="2" time="0.042133"/>
        <testcase name="testViewAllProducts" class="App\Test\Controller\LibraryControllerTest" classname="App.Test.Controller.LibraryControllerTest" file="/home/rebeckacorell/dbwebb-kurser/mvc/me/report/tests/Controller/LibraryControllerTest.php" line="85" assertions="1" time="0.046681"/>
      </testsuite>
      <testsuite name="App\Test\Controller\TwentyOneGameControllerTest" file="/home/rebeckacorell/dbwebb-kurser/mvc/me/report/tests/Controller/TwentyOneGameControllerTest.php" tests="7" assertions="7" errors="0" warnings="0" failures="0" skipped="0" time="0.236101">
        <testcase name="testGame" class="App\Test\Controller\TwentyOneGameControllerTest" classname="App.Test.Controller.TwentyOneGameControllerTest" file="/home/rebeckacorell/dbwebb-kurser/mvc/me/report/tests/Controller/TwentyOneGameControllerTest.php" line="13" assertions="1" time="0.018582"/>
        <testcase name="testDoc" class="App\Test\Controller\TwentyOneGameControllerTest" classname="App.Test.Controller.TwentyOneGameControllerTest" file="/home/rebeckacorell/dbwebb-kurser/mvc/me/report/tests/Controller/TwentyOneGameControllerTest.php" line="24" assertions="1" time="0.022240"/>
        <testcase name="testBoard" class="App\Test\Controller\TwentyOneGameControllerTest" classname="App.Test.Controller.TwentyOneGameControllerTest" file="/home/rebeckacorell/dbwebb-kurser/mvc/me/report/tests/Controller/TwentyOneGameControllerTest.php" line="35" assertions="1" time="0.019274"/>
        <testcase name="testBoardDrawn" class="App\Test\Controller\TwentyOneGameControllerTest" classname="App.Test.Controller.TwentyOneGameControllerTest" file="/home/rebeckacorell/dbwebb-kurser/mvc/me/report/tests/Controller/TwentyOneGameControllerTest.php" line="46" assertions="1" time="0.055104"/>
        <testcase name="testBoardEss" class="App\Test\Controller\TwentyOneGameControllerTest" classname="App.Test.Controller.TwentyOneGameControllerTest" file="/home/rebeckacorell/dbwebb-kurser/mvc/me/report/tests/Controller/TwentyOneGameControllerTest.php" line="100" assertions="1" time="0.041574"/>
        <testcase name="testBoardlost" class="App\Test\Controller\TwentyOneGameControllerTest" classname="App.Test.Controller.TwentyOneGameControllerTest" file="/home/rebeckacorell/dbwebb-kurser/mvc/me/report/tests/Controller/TwentyOneGameControllerTest.php" line="112" assertions="1" time="0.037552"/>
        <testcase name="testBoardEnd" class="App\Test\Controller\TwentyOneGameControllerTest" classname="App.Test.Controller.TwentyOneGameControllerTest" file="/home/rebeckacorell/dbwebb-kurser/mvc/me/report/tests/Controller/TwentyOneGameControllerTest.php" line="124" assertions="1" time="0.041774"/>
      </testsuite>
      <testsuite name="App\Test\Dice\DiceGraphicTest" file="/home/rebeckacorell/dbwebb-kurser/mvc/me/report/tests/Dice/DiceGraphicTest.php" tests="1" assertions="2" errors="0" warnings="0" failures="0" skipped="0" time="0.000579">
        <testcase name="testCreateDice" class="App\Test\Dice\DiceGraphicTest" classname="App.Test.Dice.DiceGraphicTest" file="/home/rebeckacorell/dbwebb-kurser/mvc/me/report/tests/Dice/DiceGraphicTest.php" line="17" assertions="2" time="0.000579"/>
      </testsuite>
      <testsuite name="App\Test\Dice\DiceHandTest" file="/home/rebeckacorell/dbwebb-kurser/mvc/me/report/tests/Dice/DiceHandTest.php" tests="3" assertions="4" errors="0" warnings="0" failures="0" skipped="0" time="0.002557">
        <testcase name="testAddStubbedDices" class="App\Test\Dice\DiceHandTest" classname="App.Test.Dice.DiceHandTest" file="/home/rebeckacorell/dbwebb-kurser/mvc/me/report/tests/Dice/DiceHandTest.php" line="17" assertions="1" time="0.001176"/>
        <testcase name="testGetNumberDices" class="App\Test\Dice\DiceHandTest" classname="App.Test.Dice.DiceHandTest" file="/home/rebeckacorell/dbwebb-kurser/mvc/me/report/tests/Dice/DiceHandTest.php" line="39" assertions="1" time="0.000536"/>
        <testcase name="testGetValues" class="App\Test\Dice\DiceHandTest" classname="App.Test.Dice.DiceHandTest" file="/home/rebeckacorell/dbwebb-kurser/mvc/me/report/tests/Dice/DiceHandTest.php" line="56" assertions="2" time="0.000845"/>
      </testsuite>
      <testsuite name="App\Test\Dice\DiceTest" file="/home/rebeckacorell/dbwebb-kurser/mvc/me/report/tests/Dice/DiceTest.php" tests="2" assertions="5" errors="0" warnings="0" failures="0" skipped="0" time="0.000813">
        <testcase name="testCreateDice" class="App\Test\Dice\DiceTest" classname="App.Test.Dice.DiceTest" file="/home/rebeckacorell/dbwebb-kurser/mvc/me/report/tests/Dice/DiceTest.php" line="17" assertions="2" time="0.000391"/>
        <testcase name="testRoll" class="App\Test\Dice\DiceTest" classname="App.Test.Dice.DiceTest" file="/home/rebeckacorell/dbwebb-kurser/mvc/me/report/tests/Dice/DiceTest.php" line="29" assertions="3" time="0.000422"/>
      </testsuite>
      <testsuite name="App\Test\Entity\LibraryTest" file="/home/rebeckacorell/dbwebb-kurser/mvc/me/report/tests/Entity/LibraryTest.php" tests="6" assertions="17" errors="0" warnings="0" failures="0" skipped="0" time="0.003014">
        <testcase name="testId" class="App\Test\Entity\LibraryTest" classname="App.Test.Entity.LibraryTest" file="/home/rebeckacorell/dbwebb-kurser/mvc/me/report/tests/Entity/LibraryTest.php" line="16" assertions="2" time="0.000385"/>
        <testcase name="testTitle" class="App\Test\Entity\LibraryTest" classname="App.Test.Entity.LibraryTest" file="/home/rebeckacorell/dbwebb-kurser/mvc/me/report/tests/Entity/LibraryTest.php" line="28" assertions="3" time="0.000394"/>
        <testcase name="testIsbn" class="App\Test\Entity\LibraryTest" classname="App.Test.Entity.LibraryTest" file="/home/rebeckacorell/dbwebb-kurser/mvc/me/report/tests/Entity/LibraryTest.php" line="44" assertions="3" time="0.000661"/>
        <testcase name="testAuthor" class="App\Test\Entity\LibraryTest" classname="App.Test.Entity.LibraryTest" file="/home/rebeckacorell/dbwebb-kurser/mvc/me/report/tests/Entity/LibraryTest.php" line="60" assertions="3" time="0.000655"/>
        <testcase name="testImgLink" class="App\Test\Entity\LibraryTest" classname="App.Test.Entity.LibraryTest" file="/home/rebeckacorell/dbwebb-kurser/mvc/me/report/tests/Entity/LibraryTest.php" line="76" assertions="3" time="0.000467"/>
        <testcase name="testDetails" class="App\Test\Entity\LibraryTest" classname="App.Test.Entity.LibraryTest" file="/home/rebeckacorell/dbwebb-kurser/mvc/me/report/tests/Entity/LibraryTest.php" line="92" assertions="3" time="0.000451"/>
      </testsuite>
    </testsuite>
  </testsuite>
</testsuites>
