<?xml version="1.0" encoding="UTF-8"?>
<testsuites>
  <testsuite name="" tests="101" assertions="167" errors="0" warnings="0" failures="0" skipped="0" time="3.936610">
    <testsuite name="Project Test Suite" tests="101" assertions="167" errors="0" warnings="0" failures="0" skipped="0" time="3.936610">
      <testsuite name="App\Test\Card\BankCardHandTest" file="/home/rebeckacorell/dbwebb-kurser/mvc/me/report/tests/Card/BankCardHandTest.php" tests="4" assertions="7" errors="0" warnings="0" failures="0" skipped="0" time="0.029127">
        <testcase name="testCreateBankCardHand" class="App\Test\Card\BankCardHandTest" classname="App.Test.Card.BankCardHandTest" file="/home/rebeckacorell/dbwebb-kurser/mvc/me/report/tests/Card/BankCardHandTest.php" line="18" assertions="1" time="0.020066"/>
        <testcase name="testPlayGame" class="App\Test\Card\BankCardHandTest" classname="App.Test.Card.BankCardHandTest" file="/home/rebeckacorell/dbwebb-kurser/mvc/me/report/tests/Card/BankCardHandTest.php" line="29" assertions="2" time="0.007200"/>
        <testcase name="testTotalPoints" class="App\Test\Card\BankCardHandTest" classname="App.Test.Card.BankCardHandTest" file="/home/rebeckacorell/dbwebb-kurser/mvc/me/report/tests/Card/BankCardHandTest.php" line="46" assertions="2" time="0.001279"/>
        <testcase name="testaddPoints" class="App\Test\Card\BankCardHandTest" classname="App.Test.Card.BankCardHandTest" file="/home/rebeckacorell/dbwebb-kurser/mvc/me/report/tests/Card/BankCardHandTest.php" line="64" assertions="2" time="0.000582"/>
      </testsuite>
      <testsuite name="App\Test\Card\CardGraphicTest" file="/home/rebeckacorell/dbwebb-kurser/mvc/me/report/tests/Card/CardGraphicTest.php" tests="5" assertions="11" errors="0" warnings="0" failures="0" skipped="0" time="0.003917">
        <testcase name="testCreateCardGraphic" class="App\Test\Card\CardGraphicTest" classname="App.Test.Card.CardGraphicTest" file="/home/rebeckacorell/dbwebb-kurser/mvc/me/report/tests/Card/CardGraphicTest.php" line="17" assertions="3" time="0.002584"/>
        <testcase name="testGetCardHeart" class="App\Test\Card\CardGraphicTest" classname="App.Test.Card.CardGraphicTest" file="/home/rebeckacorell/dbwebb-kurser/mvc/me/report/tests/Card/CardGraphicTest.php" line="32" assertions="2" time="0.000336"/>
        <testcase name="testGetCardClub" class="App\Test\Card\CardGraphicTest" classname="App.Test.Card.CardGraphicTest" file="/home/rebeckacorell/dbwebb-kurser/mvc/me/report/tests/Card/CardGraphicTest.php" line="45" assertions="2" time="0.000297"/>
        <testcase name="testGetCardDiamond" class="App\Test\Card\CardGraphicTest" classname="App.Test.Card.CardGraphicTest" file="/home/rebeckacorell/dbwebb-kurser/mvc/me/report/tests/Card/CardGraphicTest.php" line="58" assertions="2" time="0.000388"/>
        <testcase name="testGetCardSpade" class="App\Test\Card\CardGraphicTest" classname="App.Test.Card.CardGraphicTest" file="/home/rebeckacorell/dbwebb-kurser/mvc/me/report/tests/Card/CardGraphicTest.php" line="71" assertions="2" time="0.000311"/>
      </testsuite>
      <testsuite name="App\Test\Card\CardHandTest" file="/home/rebeckacorell/dbwebb-kurser/mvc/me/report/tests/Card/CardHandTest.php" tests="4" assertions="14" errors="0" warnings="0" failures="0" skipped="0" time="0.003145">
        <testcase name="testCreateCardHand" class="App\Test\Card\CardHandTest" classname="App.Test.Card.CardHandTest" file="/home/rebeckacorell/dbwebb-kurser/mvc/me/report/tests/Card/CardHandTest.php" line="18" assertions="1" time="0.000588"/>
        <testcase name="testDrawCard" class="App\Test\Card\CardHandTest" classname="App.Test.Card.CardHandTest" file="/home/rebeckacorell/dbwebb-kurser/mvc/me/report/tests/Card/CardHandTest.php" line="29" assertions="4" time="0.000616"/>
        <testcase name="testDrawCardMore" class="App\Test\Card\CardHandTest" classname="App.Test.Card.CardHandTest" file="/home/rebeckacorell/dbwebb-kurser/mvc/me/report/tests/Card/CardHandTest.php" line="47" assertions="4" time="0.000786"/>
        <testcase name="testDrawCardToMany" class="App\Test\Card\CardHandTest" classname="App.Test.Card.CardHandTest" file="/home/rebeckacorell/dbwebb-kurser/mvc/me/report/tests/Card/CardHandTest.php" line="65" assertions="5" time="0.001155"/>
      </testsuite>
      <testsuite name="App\Test\Card\CardTest" file="/home/rebeckacorell/dbwebb-kurser/mvc/me/report/tests/Card/CardTest.php" tests="2" assertions="5" errors="0" warnings="0" failures="0" skipped="0" time="0.000551">
        <testcase name="testCreateCard" class="App\Test\Card\CardTest" classname="App.Test.Card.CardTest" file="/home/rebeckacorell/dbwebb-kurser/mvc/me/report/tests/Card/CardTest.php" line="17" assertions="3" time="0.000267"/>
        <testcase name="testGetCard" class="App\Test\Card\CardTest" classname="App.Test.Card.CardTest" file="/home/rebeckacorell/dbwebb-kurser/mvc/me/report/tests/Card/CardTest.php" line="32" assertions="2" time="0.000284"/>
      </testsuite>
      <testsuite name="App\Test\Card\DeckOfCardsTest" file="/home/rebeckacorell/dbwebb-kurser/mvc/me/report/tests/Card/DeckOfCardsTest.php" tests="3" assertions="8" errors="0" warnings="0" failures="0" skipped="0" time="0.002739">
        <testcase name="testCreateDeckOfCards" class="App\Test\Card\DeckOfCardsTest" classname="App.Test.Card.DeckOfCardsTest" file="/home/rebeckacorell/dbwebb-kurser/mvc/me/report/tests/Card/DeckOfCardsTest.php" line="17" assertions="3" time="0.001419"/>
        <testcase name="testGetNumOfCard" class="App\Test\Card\DeckOfCardsTest" classname="App.Test.Card.DeckOfCardsTest" file="/home/rebeckacorell/dbwebb-kurser/mvc/me/report/tests/Card/DeckOfCardsTest.php" line="32" assertions="3" time="0.000545"/>
        <testcase name="testDrawCard" class="App\Test\Card\DeckOfCardsTest" classname="App.Test.Card.DeckOfCardsTest" file="/home/rebeckacorell/dbwebb-kurser/mvc/me/report/tests/Card/DeckOfCardsTest.php" line="50" assertions="2" time="0.000776"/>
      </testsuite>
      <testsuite name="App\Test\Card\PlayerCardHandTest" file="/home/rebeckacorell/dbwebb-kurser/mvc/me/report/tests/Card/PlayerCardHandTest.php" tests="4" assertions="7" errors="0" warnings="0" failures="0" skipped="0" time="0.003509">
        <testcase name="testCreatePlayerCardHand" class="App\Test\Card\PlayerCardHandTest" classname="App.Test.Card.PlayerCardHandTest" file="/home/rebeckacorell/dbwebb-kurser/mvc/me/report/tests/Card/PlayerCardHandTest.php" line="18" assertions="1" time="0.001945"/>
        <testcase name="testDrawPlayerCard" class="App\Test\Card\PlayerCardHandTest" classname="App.Test.Card.PlayerCardHandTest" file="/home/rebeckacorell/dbwebb-kurser/mvc/me/report/tests/Card/PlayerCardHandTest.php" line="29" assertions="2" time="0.000679"/>
        <testcase name="testTotalPoints" class="App\Test\Card\PlayerCardHandTest" classname="App.Test.Card.PlayerCardHandTest" file="/home/rebeckacorell/dbwebb-kurser/mvc/me/report/tests/Card/PlayerCardHandTest.php" line="46" assertions="2" time="0.000502"/>
        <testcase name="testaddPoints" class="App\Test\Card\PlayerCardHandTest" classname="App.Test.Card.PlayerCardHandTest" file="/home/rebeckacorell/dbwebb-kurser/mvc/me/report/tests/Card/PlayerCardHandTest.php" line="64" assertions="2" time="0.000382"/>
      </testsuite>
      <testsuite name="App\Test\Controller\AppControllerJsonTest" file="/home/rebeckacorell/dbwebb-kurser/mvc/me/report/tests/Controller/AppControllerJsonTest.php" tests="7" assertions="7" errors="0" warnings="0" failures="0" skipped="0" time="0.619894">
        <testcase name="testJsonQuote" class="App\Test\Controller\AppControllerJsonTest" classname="App.Test.Controller.AppControllerJsonTest" file="/home/rebeckacorell/dbwebb-kurser/mvc/me/report/tests/Controller/AppControllerJsonTest.php" line="15" assertions="1" time="0.516482"/>
        <testcase name="testJsonDeck" class="App\Test\Controller\AppControllerJsonTest" classname="App.Test.Controller.AppControllerJsonTest" file="/home/rebeckacorell/dbwebb-kurser/mvc/me/report/tests/Controller/AppControllerJsonTest.php" line="27" assertions="1" time="0.036348"/>
        <testcase name="testJsonShuffle" class="App\Test\Controller\AppControllerJsonTest" classname="App.Test.Controller.AppControllerJsonTest" file="/home/rebeckacorell/dbwebb-kurser/mvc/me/report/tests/Controller/AppControllerJsonTest.php" line="38" assertions="1" time="0.012084"/>
        <testcase name="testJsonDraw" class="App\Test\Controller\AppControllerJsonTest" classname="App.Test.Controller.AppControllerJsonTest" file="/home/rebeckacorell/dbwebb-kurser/mvc/me/report/tests/Controller/AppControllerJsonTest.php" line="50" assertions="1" time="0.012158"/>
        <testcase name="testJsonDrawMore" class="App\Test\Controller\AppControllerJsonTest" classname="App.Test.Controller.AppControllerJsonTest" file="/home/rebeckacorell/dbwebb-kurser/mvc/me/report/tests/Controller/AppControllerJsonTest.php" line="62" assertions="1" time="0.013276"/>
        <testcase name="testJsonDrawMoreMax" class="App\Test\Controller\AppControllerJsonTest" classname="App.Test.Controller.AppControllerJsonTest" file="/home/rebeckacorell/dbwebb-kurser/mvc/me/report/tests/Controller/AppControllerJsonTest.php" line="74" assertions="1" time="0.016922"/>
        <testcase name="testJsonGame" class="App\Test\Controller\AppControllerJsonTest" classname="App.Test.Controller.AppControllerJsonTest" file="/home/rebeckacorell/dbwebb-kurser/mvc/me/report/tests/Controller/AppControllerJsonTest.php" line="86" assertions="1" time="0.012624"/>
      </testsuite>
      <testsuite name="App\Test\Controller\AppControllerTwigTest" file="/home/rebeckacorell/dbwebb-kurser/mvc/me/report/tests/Controller/AppControllerTwigTest.php" tests="6" assertions="6" errors="0" warnings="0" failures="0" skipped="0" time="0.170019">
        <testcase name="testHome" class="App\Test\Controller\AppControllerTwigTest" classname="App.Test.Controller.AppControllerTwigTest" file="/home/rebeckacorell/dbwebb-kurser/mvc/me/report/tests/Controller/AppControllerTwigTest.php" line="13" assertions="1" time="0.082748"/>
        <testcase name="testAbout" class="App\Test\Controller\AppControllerTwigTest" classname="App.Test.Controller.AppControllerTwigTest" file="/home/rebeckacorell/dbwebb-kurser/mvc/me/report/tests/Controller/AppControllerTwigTest.php" line="24" assertions="1" time="0.016058"/>
        <testcase name="testReport" class="App\Test\Controller\AppControllerTwigTest" classname="App.Test.Controller.AppControllerTwigTest" file="/home/rebeckacorell/dbwebb-kurser/mvc/me/report/tests/Controller/AppControllerTwigTest.php" line="35" assertions="1" time="0.020963"/>
        <testcase name="testLucky" class="App\Test\Controller\AppControllerTwigTest" classname="App.Test.Controller.AppControllerTwigTest" file="/home/rebeckacorell/dbwebb-kurser/mvc/me/report/tests/Controller/AppControllerTwigTest.php" line="46" assertions="1" time="0.015025"/>
        <testcase name="testApi" class="App\Test\Controller\AppControllerTwigTest" classname="App.Test.Controller.AppControllerTwigTest" file="/home/rebeckacorell/dbwebb-kurser/mvc/me/report/tests/Controller/AppControllerTwigTest.php" line="57" assertions="1" time="0.016109"/>
        <testcase name="testMetrics" class="App\Test\Controller\AppControllerTwigTest" classname="App.Test.Controller.AppControllerTwigTest" file="/home/rebeckacorell/dbwebb-kurser/mvc/me/report/tests/Controller/AppControllerTwigTest.php" line="68" assertions="1" time="0.019117"/>
      </testsuite>
      <testsuite name="App\Test\Controller\CardGameControllerTest" file="/home/rebeckacorell/dbwebb-kurser/mvc/me/report/tests/Controller/CardGameControllerTest.php" tests="10" assertions="11" errors="0" warnings="0" failures="0" skipped="0" time="0.346984">
        <testcase name="testSession" class="App\Test\Controller\CardGameControllerTest" classname="App.Test.Controller.CardGameControllerTest" file="/home/rebeckacorell/dbwebb-kurser/mvc/me/report/tests/Controller/CardGameControllerTest.php" line="13" assertions="2" time="0.038325"/>
        <testcase name="testCard" class="App\Test\Controller\CardGameControllerTest" classname="App.Test.Controller.CardGameControllerTest" file="/home/rebeckacorell/dbwebb-kurser/mvc/me/report/tests/Controller/CardGameControllerTest.php" line="28" assertions="1" time="0.019789"/>
        <testcase name="testDeckNoSession" class="App\Test\Controller\CardGameControllerTest" classname="App.Test.Controller.CardGameControllerTest" file="/home/rebeckacorell/dbwebb-kurser/mvc/me/report/tests/Controller/CardGameControllerTest.php" line="39" assertions="1" time="0.022229"/>
        <testcase name="testDeck" class="App\Test\Controller\CardGameControllerTest" classname="App.Test.Controller.CardGameControllerTest" file="/home/rebeckacorell/dbwebb-kurser/mvc/me/report/tests/Controller/CardGameControllerTest.php" line="50" assertions="1" time="0.038045"/>
        <testcase name="testShuffleNoSession" class="App\Test\Controller\CardGameControllerTest" classname="App.Test.Controller.CardGameControllerTest" file="/home/rebeckacorell/dbwebb-kurser/mvc/me/report/tests/Controller/CardGameControllerTest.php" line="62" assertions="1" time="0.021890"/>
        <testcase name="testShuffle" class="App\Test\Controller\CardGameControllerTest" classname="App.Test.Controller.CardGameControllerTest" file="/home/rebeckacorell/dbwebb-kurser/mvc/me/report/tests/Controller/CardGameControllerTest.php" line="73" assertions="1" time="0.042945"/>
        <testcase name="testDrawNoSession" class="App\Test\Controller\CardGameControllerTest" classname="App.Test.Controller.CardGameControllerTest" file="/home/rebeckacorell/dbwebb-kurser/mvc/me/report/tests/Controller/CardGameControllerTest.php" line="85" assertions="1" time="0.019936"/>
        <testcase name="testDraw" class="App\Test\Controller\CardGameControllerTest" classname="App.Test.Controller.CardGameControllerTest" file="/home/rebeckacorell/dbwebb-kurser/mvc/me/report/tests/Controller/CardGameControllerTest.php" line="96" assertions="1" time="0.032349"/>
        <testcase name="testDrawManyNoSession" class="App\Test\Controller\CardGameControllerTest" classname="App.Test.Controller.CardGameControllerTest" file="/home/rebeckacorell/dbwebb-kurser/mvc/me/report/tests/Controller/CardGameControllerTest.php" line="108" assertions="1" time="0.018668"/>
        <testcase name="testDrawMany" class="App\Test\Controller\CardGameControllerTest" classname="App.Test.Controller.CardGameControllerTest" file="/home/rebeckacorell/dbwebb-kurser/mvc/me/report/tests/Controller/CardGameControllerTest.php" line="119" assertions="1" time="0.092808"/>
      </testsuite>
      <testsuite name="App\Test\Controller\DiceeControllerTest" file="/home/rebeckacorell/dbwebb-kurser/mvc/me/report/tests/Controller/DiceControllerTest.php" tests="10" assertions="13" errors="0" warnings="0" failures="0" skipped="0" time="0.202479">
        <testcase name="testHome" class="App\Test\Controller\DiceeControllerTest" classname="App.Test.Controller.DiceeControllerTest" file="/home/rebeckacorell/dbwebb-kurser/mvc/me/report/tests/Controller/DiceControllerTest.php" line="13" assertions="1" time="0.017904"/>
        <testcase name="testRollDice" class="App\Test\Controller\DiceeControllerTest" classname="App.Test.Controller.DiceeControllerTest" file="/home/rebeckacorell/dbwebb-kurser/mvc/me/report/tests/Controller/DiceControllerTest.php" line="24" assertions="1" time="0.018665"/>
        <testcase name="testTestRollDices" class="App\Test\Controller\DiceeControllerTest" classname="App.Test.Controller.DiceeControllerTest" file="/home/rebeckacorell/dbwebb-kurser/mvc/me/report/tests/Controller/DiceControllerTest.php" line="35" assertions="1" time="0.019992"/>
        <testcase name="testRollDicesTooMany" class="App\Test\Controller\DiceeControllerTest" classname="App.Test.Controller.DiceeControllerTest" file="/home/rebeckacorell/dbwebb-kurser/mvc/me/report/tests/Controller/DiceControllerTest.php" line="46" assertions="1" time="0.013910"/>
        <testcase name="testTestDiceHand" class="App\Test\Controller\DiceeControllerTest" classname="App.Test.Controller.DiceeControllerTest" file="/home/rebeckacorell/dbwebb-kurser/mvc/me/report/tests/Controller/DiceControllerTest.php" line="57" assertions="1" time="0.023438"/>
        <testcase name="testInit" class="App\Test\Controller\DiceeControllerTest" classname="App.Test.Controller.DiceeControllerTest" file="/home/rebeckacorell/dbwebb-kurser/mvc/me/report/tests/Controller/DiceControllerTest.php" line="68" assertions="1" time="0.015921"/>
        <testcase name="testInitPost" class="App\Test\Controller\DiceeControllerTest" classname="App.Test.Controller.DiceeControllerTest" file="/home/rebeckacorell/dbwebb-kurser/mvc/me/report/tests/Controller/DiceControllerTest.php" line="79" assertions="2" time="0.016510"/>
        <testcase name="testPlay" class="App\Test\Controller\DiceeControllerTest" classname="App.Test.Controller.DiceeControllerTest" file="/home/rebeckacorell/dbwebb-kurser/mvc/me/report/tests/Controller/DiceControllerTest.php" line="92" assertions="1" time="0.031483"/>
        <testcase name="testRoll" class="App\Test\Controller\DiceeControllerTest" classname="App.Test.Controller.DiceeControllerTest" file="/home/rebeckacorell/dbwebb-kurser/mvc/me/report/tests/Controller/DiceControllerTest.php" line="106" assertions="2" time="0.023806"/>
        <testcase name="testSave" class="App\Test\Controller\DiceeControllerTest" classname="App.Test.Controller.DiceeControllerTest" file="/home/rebeckacorell/dbwebb-kurser/mvc/me/report/tests/Controller/DiceControllerTest.php" line="120" assertions="2" time="0.020850"/>
      </testsuite>
      <testsuite name="App\Test\Controller\LibraryControllerTest" file="/home/rebeckacorell/dbwebb-kurser/mvc/me/report/tests/Controller/LibraryControllerTest.php" tests="8" assertions="9" errors="0" warnings="0" failures="0" skipped="0" time="0.473910">
        <testcase name="testIndex" class="App\Test\Controller\LibraryControllerTest" classname="App.Test.Controller.LibraryControllerTest" file="/home/rebeckacorell/dbwebb-kurser/mvc/me/report/tests/Controller/LibraryControllerTest.php" line="15" assertions="1" time="0.122040"/>
        <testcase name="testCreateBook" class="App\Test\Controller\LibraryControllerTest" classname="App.Test.Controller.LibraryControllerTest" file="/home/rebeckacorell/dbwebb-kurser/mvc/me/report/tests/Controller/LibraryControllerTest.php" line="26" assertions="1" time="0.072541"/>
        <testcase name="testCreateBookPost" class="App\Test\Controller\LibraryControllerTest" classname="App.Test.Controller.LibraryControllerTest" file="/home/rebeckacorell/dbwebb-kurser/mvc/me/report/tests/Controller/LibraryControllerTest.php" line="38" assertions="2" time="0.062497"/>
        <testcase name="testViewAllProducts" class="App\Test\Controller\LibraryControllerTest" classname="App.Test.Controller.LibraryControllerTest" file="/home/rebeckacorell/dbwebb-kurser/mvc/me/report/tests/Controller/LibraryControllerTest.php" line="107" assertions="1" time="0.042508"/>
        <testcase name="testShowAllBooksApi" class="App\Test\Controller\LibraryControllerTest" classname="App.Test.Controller.LibraryControllerTest" file="/home/rebeckacorell/dbwebb-kurser/mvc/me/report/tests/Controller/LibraryControllerTest.php" line="145" assertions="1" time="0.033748"/>
        <testcase name="testShowAllBooksApiWithNoBooks" class="App\Test\Controller\LibraryControllerTest" classname="App.Test.Controller.LibraryControllerTest" file="/home/rebeckacorell/dbwebb-kurser/mvc/me/report/tests/Controller/LibraryControllerTest.php" line="157" assertions="1" time="0.063143"/>
        <testcase name="testSearchByIsbnApi" class="App\Test\Controller\LibraryControllerTest" classname="App.Test.Controller.LibraryControllerTest" file="/home/rebeckacorell/dbwebb-kurser/mvc/me/report/tests/Controller/LibraryControllerTest.php" line="171" assertions="1" time="0.019164"/>
        <testcase name="testSearchByIsbnApiWithNoBooks" class="App\Test\Controller\LibraryControllerTest" classname="App.Test.Controller.LibraryControllerTest" file="/home/rebeckacorell/dbwebb-kurser/mvc/me/report/tests/Controller/LibraryControllerTest.php" line="184" assertions="1" time="0.058268"/>
      </testsuite>
      <testsuite name="App\Test\Controller\ProjectControllerJsonTest" file="/home/rebeckacorell/dbwebb-kurser/mvc/me/report/tests/Controller/ProjectControllerJsonTest.php" tests="6" assertions="6" errors="0" warnings="0" failures="0" skipped="0" time="0.073845">
        <testcase name="testApiDeck" class="App\Test\Controller\ProjectControllerJsonTest" classname="App.Test.Controller.ProjectControllerJsonTest" file="/home/rebeckacorell/dbwebb-kurser/mvc/me/report/tests/Controller/ProjectControllerJsonTest.php" line="13" assertions="1" time="0.011170"/>
        <testcase name="testApiTable" class="App\Test\Controller\ProjectControllerJsonTest" classname="App.Test.Controller.ProjectControllerJsonTest" file="/home/rebeckacorell/dbwebb-kurser/mvc/me/report/tests/Controller/ProjectControllerJsonTest.php" line="25" assertions="1" time="0.015663"/>
        <testcase name="testApiTableString" class="App\Test\Controller\ProjectControllerJsonTest" classname="App.Test.Controller.ProjectControllerJsonTest" file="/home/rebeckacorell/dbwebb-kurser/mvc/me/report/tests/Controller/ProjectControllerJsonTest.php" line="37" assertions="1" time="0.011982"/>
        <testcase name="testApiTableIsFull" class="App\Test\Controller\ProjectControllerJsonTest" classname="App.Test.Controller.ProjectControllerJsonTest" file="/home/rebeckacorell/dbwebb-kurser/mvc/me/report/tests/Controller/ProjectControllerJsonTest.php" line="49" assertions="1" time="0.010603"/>
        <testcase name="testApiScore" class="App\Test\Controller\ProjectControllerJsonTest" classname="App.Test.Controller.ProjectControllerJsonTest" file="/home/rebeckacorell/dbwebb-kurser/mvc/me/report/tests/Controller/ProjectControllerJsonTest.php" line="61" assertions="1" time="0.012230"/>
        <testcase name="testApiDelete" class="App\Test\Controller\ProjectControllerJsonTest" classname="App.Test.Controller.ProjectControllerJsonTest" file="/home/rebeckacorell/dbwebb-kurser/mvc/me/report/tests/Controller/ProjectControllerJsonTest.php" line="73" assertions="1" time="0.012197"/>
      </testsuite>
      <testsuite name="App\Test\Controller\ProjectControllerTest" file="/home/rebeckacorell/dbwebb-kurser/mvc/me/report/tests/Controller/ProjectControllerTest.php" tests="8" assertions="20" errors="0" warnings="0" failures="0" skipped="0" time="1.791653">
        <testcase name="testAbout" class="App\Test\Controller\ProjectControllerTest" classname="App.Test.Controller.ProjectControllerTest" file="/home/rebeckacorell/dbwebb-kurser/mvc/me/report/tests/Controller/ProjectControllerTest.php" line="15" assertions="3" time="0.045330"/>
        <testcase name="testProj" class="App\Test\Controller\ProjectControllerTest" classname="App.Test.Controller.ProjectControllerTest" file="/home/rebeckacorell/dbwebb-kurser/mvc/me/report/tests/Controller/ProjectControllerTest.php" line="27" assertions="3" time="0.021862"/>
        <testcase name="testSquareBoard" class="App\Test\Controller\ProjectControllerTest" classname="App.Test.Controller.ProjectControllerTest" file="/home/rebeckacorell/dbwebb-kurser/mvc/me/report/tests/Controller/ProjectControllerTest.php" line="39" assertions="3" time="1.525228"/>
        <testcase name="testSquareBoardPost" class="App\Test\Controller\ProjectControllerTest" classname="App.Test.Controller.ProjectControllerTest" file="/home/rebeckacorell/dbwebb-kurser/mvc/me/report/tests/Controller/ProjectControllerTest.php" line="55" assertions="2" time="0.032600"/>
        <testcase name="testSquareBoardPostCardsFull" class="App\Test\Controller\ProjectControllerTest" classname="App.Test.Controller.ProjectControllerTest" file="/home/rebeckacorell/dbwebb-kurser/mvc/me/report/tests/Controller/ProjectControllerTest.php" line="74" assertions="2" time="0.029556"/>
        <testcase name="testSquareBoardFinishedCardsNotFilled" class="App\Test\Controller\ProjectControllerTest" classname="App.Test.Controller.ProjectControllerTest" file="/home/rebeckacorell/dbwebb-kurser/mvc/me/report/tests/Controller/ProjectControllerTest.php" line="93" assertions="3" time="0.059340"/>
        <testcase name="testSquareBoardFinishedCardsFilled" class="App\Test\Controller\ProjectControllerTest" classname="App.Test.Controller.ProjectControllerTest" file="/home/rebeckacorell/dbwebb-kurser/mvc/me/report/tests/Controller/ProjectControllerTest.php" line="106" assertions="3" time="0.043005"/>
        <testcase name="testApi" class="App\Test\Controller\ProjectControllerTest" classname="App.Test.Controller.ProjectControllerTest" file="/home/rebeckacorell/dbwebb-kurser/mvc/me/report/tests/Controller/ProjectControllerTest.php" line="119" assertions="1" time="0.034732"/>
      </testsuite>
      <testsuite name="App\Test\Controller\TwentyOneGameControllerTest" file="/home/rebeckacorell/dbwebb-kurser/mvc/me/report/tests/Controller/TwentyOneGameControllerTest.php" tests="7" assertions="7" errors="0" warnings="0" failures="0" skipped="0" time="0.204417">
        <testcase name="testGame" class="App\Test\Controller\TwentyOneGameControllerTest" classname="App.Test.Controller.TwentyOneGameControllerTest" file="/home/rebeckacorell/dbwebb-kurser/mvc/me/report/tests/Controller/TwentyOneGameControllerTest.php" line="14" assertions="1" time="0.016344"/>
        <testcase name="testDoc" class="App\Test\Controller\TwentyOneGameControllerTest" classname="App.Test.Controller.TwentyOneGameControllerTest" file="/home/rebeckacorell/dbwebb-kurser/mvc/me/report/tests/Controller/TwentyOneGameControllerTest.php" line="25" assertions="1" time="0.016604"/>
        <testcase name="testBoard" class="App\Test\Controller\TwentyOneGameControllerTest" classname="App.Test.Controller.TwentyOneGameControllerTest" file="/home/rebeckacorell/dbwebb-kurser/mvc/me/report/tests/Controller/TwentyOneGameControllerTest.php" line="36" assertions="1" time="0.018050"/>
        <testcase name="testBoardDrawn" class="App\Test\Controller\TwentyOneGameControllerTest" classname="App.Test.Controller.TwentyOneGameControllerTest" file="/home/rebeckacorell/dbwebb-kurser/mvc/me/report/tests/Controller/TwentyOneGameControllerTest.php" line="47" assertions="1" time="0.038077"/>
        <testcase name="testBoardEss" class="App\Test\Controller\TwentyOneGameControllerTest" classname="App.Test.Controller.TwentyOneGameControllerTest" file="/home/rebeckacorell/dbwebb-kurser/mvc/me/report/tests/Controller/TwentyOneGameControllerTest.php" line="101" assertions="1" time="0.034792"/>
        <testcase name="testBoardlost" class="App\Test\Controller\TwentyOneGameControllerTest" classname="App.Test.Controller.TwentyOneGameControllerTest" file="/home/rebeckacorell/dbwebb-kurser/mvc/me/report/tests/Controller/TwentyOneGameControllerTest.php" line="113" assertions="1" time="0.035687"/>
        <testcase name="testBoardEnd" class="App\Test\Controller\TwentyOneGameControllerTest" classname="App.Test.Controller.TwentyOneGameControllerTest" file="/home/rebeckacorell/dbwebb-kurser/mvc/me/report/tests/Controller/TwentyOneGameControllerTest.php" line="125" assertions="1" time="0.044863"/>
      </testsuite>
      <testsuite name="App\Test\Dice\DiceGraphicTest" file="/home/rebeckacorell/dbwebb-kurser/mvc/me/report/tests/Dice/DiceGraphicTest.php" tests="1" assertions="2" errors="0" warnings="0" failures="0" skipped="0" time="0.000348">
        <testcase name="testCreateDice" class="App\Test\Dice\DiceGraphicTest" classname="App.Test.Dice.DiceGraphicTest" file="/home/rebeckacorell/dbwebb-kurser/mvc/me/report/tests/Dice/DiceGraphicTest.php" line="17" assertions="2" time="0.000348"/>
      </testsuite>
      <testsuite name="App\Test\Dice\DiceHandTest" file="/home/rebeckacorell/dbwebb-kurser/mvc/me/report/tests/Dice/DiceHandTest.php" tests="4" assertions="6" errors="0" warnings="0" failures="0" skipped="0" time="0.002792">
        <testcase name="testAddStubbedDices" class="App\Test\Dice\DiceHandTest" classname="App.Test.Dice.DiceHandTest" file="/home/rebeckacorell/dbwebb-kurser/mvc/me/report/tests/Dice/DiceHandTest.php" line="17" assertions="1" time="0.000998"/>
        <testcase name="testGetNumberDices" class="App\Test\Dice\DiceHandTest" classname="App.Test.Dice.DiceHandTest" file="/home/rebeckacorell/dbwebb-kurser/mvc/me/report/tests/Dice/DiceHandTest.php" line="39" assertions="1" time="0.000488"/>
        <testcase name="testAddDicesMixed" class="App\Test\Dice\DiceHandTest" classname="App.Test.Dice.DiceHandTest" file="/home/rebeckacorell/dbwebb-kurser/mvc/me/report/tests/Dice/DiceHandTest.php" line="56" assertions="1" time="0.000388"/>
        <testcase name="testGetValues" class="App\Test\Dice\DiceHandTest" classname="App.Test.Dice.DiceHandTest" file="/home/rebeckacorell/dbwebb-kurser/mvc/me/report/tests/Dice/DiceHandTest.php" line="67" assertions="3" time="0.000918"/>
      </testsuite>
      <testsuite name="App\Test\Dice\DiceTest" file="/home/rebeckacorell/dbwebb-kurser/mvc/me/report/tests/Dice/DiceTest.php" tests="2" assertions="5" errors="0" warnings="0" failures="0" skipped="0" time="0.000705">
        <testcase name="testCreateDice" class="App\Test\Dice\DiceTest" classname="App.Test.Dice.DiceTest" file="/home/rebeckacorell/dbwebb-kurser/mvc/me/report/tests/Dice/DiceTest.php" line="17" assertions="2" time="0.000360"/>
        <testcase name="testRoll" class="App\Test\Dice\DiceTest" classname="App.Test.Dice.DiceTest" file="/home/rebeckacorell/dbwebb-kurser/mvc/me/report/tests/Dice/DiceTest.php" line="29" assertions="3" time="0.000345"/>
      </testsuite>
      <testsuite name="App\Test\Entity\LibraryTest" file="/home/rebeckacorell/dbwebb-kurser/mvc/me/report/tests/Entity/LibraryTest.php" tests="6" assertions="17" errors="0" warnings="0" failures="0" skipped="0" time="0.002464">
        <testcase name="testId" class="App\Test\Entity\LibraryTest" classname="App.Test.Entity.LibraryTest" file="/home/rebeckacorell/dbwebb-kurser/mvc/me/report/tests/Entity/LibraryTest.php" line="16" assertions="2" time="0.000479"/>
        <testcase name="testTitle" class="App\Test\Entity\LibraryTest" classname="App.Test.Entity.LibraryTest" file="/home/rebeckacorell/dbwebb-kurser/mvc/me/report/tests/Entity/LibraryTest.php" line="28" assertions="3" time="0.000472"/>
        <testcase name="testIsbn" class="App\Test\Entity\LibraryTest" classname="App.Test.Entity.LibraryTest" file="/home/rebeckacorell/dbwebb-kurser/mvc/me/report/tests/Entity/LibraryTest.php" line="44" assertions="3" time="0.000385"/>
        <testcase name="testAuthor" class="App\Test\Entity\LibraryTest" classname="App.Test.Entity.LibraryTest" file="/home/rebeckacorell/dbwebb-kurser/mvc/me/report/tests/Entity/LibraryTest.php" line="60" assertions="3" time="0.000372"/>
        <testcase name="testImgLink" class="App\Test\Entity\LibraryTest" classname="App.Test.Entity.LibraryTest" file="/home/rebeckacorell/dbwebb-kurser/mvc/me/report/tests/Entity/LibraryTest.php" line="76" assertions="3" time="0.000388"/>
        <testcase name="testDetails" class="App\Test\Entity\LibraryTest" classname="App.Test.Entity.LibraryTest" file="/home/rebeckacorell/dbwebb-kurser/mvc/me/report/tests/Entity/LibraryTest.php" line="92" assertions="3" time="0.000368"/>
      </testsuite>
      <testsuite name="App\Test\Project\TableTest" file="/home/rebeckacorell/dbwebb-kurser/mvc/me/report/tests/Project/TableTest.php" tests="4" assertions="6" errors="0" warnings="0" failures="0" skipped="0" time="0.004114">
        <testcase name="testCreateTable" class="App\Test\Project\TableTest" classname="App.Test.Project.TableTest" file="/home/rebeckacorell/dbwebb-kurser/mvc/me/report/tests/Project/TableTest.php" line="18" assertions="1" time="0.000337"/>
        <testcase name="testInsertCard" class="App\Test\Project\TableTest" classname="App.Test.Project.TableTest" file="/home/rebeckacorell/dbwebb-kurser/mvc/me/report/tests/Project/TableTest.php" line="27" assertions="1" time="0.000871"/>
        <testcase name="testGetTable" class="App\Test\Project\TableTest" classname="App.Test.Project.TableTest" file="/home/rebeckacorell/dbwebb-kurser/mvc/me/report/tests/Project/TableTest.php" line="44" assertions="2" time="0.000974"/>
        <testcase name="testCalculateScore" class="App\Test\Project\TableTest" classname="App.Test.Project.TableTest" file="/home/rebeckacorell/dbwebb-kurser/mvc/me/report/tests/Project/TableTest.php" line="64" assertions="2" time="0.001932"/>
      </testsuite>
    </testsuite>
  </testsuite>
</testsuites>
